{"/home/travis/build/npmtest/node-npmtest-do-wrapper/test.js":{"path":"/home/travis/build/npmtest/node-npmtest-do-wrapper/test.js","s":{"1":2,"2":2,"3":2,"4":2,"5":2,"6":2,"7":2,"8":1,"9":2,"10":2,"11":1,"12":1,"13":1,"14":1,"15":2,"16":2,"17":2,"18":2,"19":1,"20":1,"21":2,"22":2,"23":2,"24":1,"25":1,"26":1,"27":1,"28":1,"29":1,"30":1,"31":1,"32":1,"33":1,"34":1,"35":1,"36":1,"37":1,"38":1,"39":2,"40":2,"41":1,"42":2,"43":2,"44":1,"45":2,"46":2,"47":1,"48":2,"49":2,"50":1,"51":1,"52":1,"53":1,"54":1},"b":{"1":[2,1,1,1],"2":[1,1,1,1],"3":[1,1],"4":[1,1],"5":[1,1],"6":[1,1],"7":[1,1],"8":[1,1],"9":[1,1],"10":[1,1,1],"11":[1,1],"12":[1,1],"13":[1,1],"14":[1,1],"15":[1,1],"16":[1,1],"17":[1,1]},"f":{"1":2,"2":2,"3":2,"4":2,"5":2,"6":1,"7":1,"8":1,"9":2,"10":2,"11":2,"12":2,"13":1},"fnMap":{"1":{"name":"(anonymous_1)","line":12,"loc":{"start":{"line":12,"column":1},"end":{"line":12,"column":13}}},"2":{"name":"(anonymous_2)","line":19,"loc":{"start":{"line":19,"column":5},"end":{"line":19,"column":17}}},"3":{"name":"(anonymous_3)","line":23,"loc":{"start":{"line":23,"column":24},"end":{"line":23,"column":36}}},"4":{"name":"(anonymous_4)","line":61,"loc":{"start":{"line":61,"column":5},"end":{"line":61,"column":17}}},"5":{"name":"(anonymous_5)","line":82,"loc":{"start":{"line":82,"column":5},"end":{"line":82,"column":17}}},"6":{"name":"(anonymous_6)","line":91,"loc":{"start":{"line":91,"column":77},"end":{"line":94,"column":10}}},"7":{"name":"(anonymous_7)","line":112,"loc":{"start":{"line":112,"column":83},"end":{"line":115,"column":10}},"skip":true},"8":{"name":"(anonymous_8)","line":123,"loc":{"start":{"line":123,"column":77},"end":{"line":126,"column":10}},"skip":true},"9":{"name":"(anonymous_9)","line":139,"loc":{"start":{"line":139,"column":12},"end":{"line":139,"column":40}},"skip":true},"10":{"name":"(anonymous_10)","line":147,"loc":{"start":{"line":147,"column":77},"end":{"line":150,"column":10}},"skip":true},"11":{"name":"(anonymous_11)","line":158,"loc":{"start":{"line":158,"column":83},"end":{"line":161,"column":10}},"skip":true},"12":{"name":"(anonymous_12)","line":169,"loc":{"start":{"line":169,"column":79},"end":{"line":172,"column":10}},"skip":true},"13":{"name":"(anonymous_13)","line":180,"loc":{"start":{"line":180,"column":75},"end":{"line":183,"column":10}},"skip":true}},"statementMap":{"1":{"start":{"line":12,"column":0},"end":{"line":195,"column":5}},"2":{"start":{"line":14,"column":4},"end":{"line":14,"column":14}},"3":{"start":{"line":19,"column":4},"end":{"line":56,"column":9}},"4":{"start":{"line":21,"column":8},"end":{"line":21,"column":19}},"5":{"start":{"line":23,"column":8},"end":{"line":35,"column":13}},"6":{"start":{"line":24,"column":12},"end":{"line":34,"column":13}},"7":{"start":{"line":25,"column":16},"end":{"line":28,"column":30}},"8":{"start":{"line":30,"column":16},"end":{"line":33,"column":27}},"9":{"start":{"line":37,"column":8},"end":{"line":39,"column":21}},"10":{"start":{"line":40,"column":8},"end":{"line":53,"column":9}},"11":{"start":{"line":43,"column":12},"end":{"line":46,"column":14}},"12":{"start":{"line":47,"column":12},"end":{"line":47,"column":18}},"13":{"start":{"line":50,"column":12},"end":{"line":51,"column":33}},"14":{"start":{"line":52,"column":12},"end":{"line":52,"column":18}},"15":{"start":{"line":55,"column":8},"end":{"line":55,"column":35}},"16":{"start":{"line":61,"column":4},"end":{"line":63,"column":9}},"17":{"start":{"line":62,"column":8},"end":{"line":62,"column":15}},"18":{"start":{"line":64,"column":4},"end":{"line":77,"column":5}},"19":{"start":{"line":70,"column":8},"end":{"line":70,"column":14}},"20":{"start":{"line":76,"column":8},"end":{"line":76,"column":14}},"21":{"start":{"line":82,"column":4},"end":{"line":84,"column":9}},"22":{"start":{"line":83,"column":8},"end":{"line":83,"column":15}},"23":{"start":{"line":85,"column":4},"end":{"line":194,"column":5}},"24":{"start":{"line":91,"column":8},"end":{"line":99,"column":10}},"25":{"start":{"line":98,"column":12},"end":{"line":98,"column":35}},"26":{"start":{"line":102,"column":8},"end":{"line":104,"column":63}},"27":{"start":{"line":105,"column":8},"end":{"line":105,"column":14}},"28":{"start":{"line":112,"column":8},"end":{"line":121,"column":10},"skip":true},"29":{"start":{"line":119,"column":12},"end":{"line":119,"column":55},"skip":true},"30":{"start":{"line":120,"column":12},"end":{"line":120,"column":48},"skip":true},"31":{"start":{"line":123,"column":8},"end":{"line":136,"column":10},"skip":true},"32":{"start":{"line":130,"column":12},"end":{"line":130,"column":76},"skip":true},"33":{"start":{"line":131,"column":12},"end":{"line":131,"column":73},"skip":true},"34":{"start":{"line":132,"column":12},"end":{"line":132,"column":74},"skip":true},"35":{"start":{"line":133,"column":12},"end":{"line":133,"column":79},"skip":true},"36":{"start":{"line":134,"column":12},"end":{"line":134,"column":25},"skip":true},"37":{"start":{"line":135,"column":12},"end":{"line":135,"column":45},"skip":true},"38":{"start":{"line":138,"column":8},"end":{"line":145,"column":14},"skip":true},"39":{"start":{"line":143,"column":16},"end":{"line":143,"column":29},"skip":true},"40":{"start":{"line":144,"column":16},"end":{"line":144,"column":55},"skip":true},"41":{"start":{"line":147,"column":8},"end":{"line":156,"column":10},"skip":true},"42":{"start":{"line":154,"column":12},"end":{"line":154,"column":25},"skip":true},"43":{"start":{"line":155,"column":12},"end":{"line":155,"column":45},"skip":true},"44":{"start":{"line":158,"column":8},"end":{"line":167,"column":10},"skip":true},"45":{"start":{"line":165,"column":12},"end":{"line":165,"column":25},"skip":true},"46":{"start":{"line":166,"column":12},"end":{"line":166,"column":48},"skip":true},"47":{"start":{"line":169,"column":8},"end":{"line":178,"column":10},"skip":true},"48":{"start":{"line":176,"column":12},"end":{"line":176,"column":25},"skip":true},"49":{"start":{"line":177,"column":12},"end":{"line":177,"column":46},"skip":true},"50":{"start":{"line":180,"column":8},"end":{"line":189,"column":10},"skip":true},"51":{"start":{"line":187,"column":12},"end":{"line":187,"column":94},"skip":true},"52":{"start":{"line":188,"column":12},"end":{"line":188,"column":48},"skip":true},"53":{"start":{"line":192,"column":8},"end":{"line":192,"column":35},"skip":true},"54":{"start":{"line":193,"column":8},"end":{"line":193,"column":14},"skip":true}},"branchMap":{"1":{"line":25,"type":"binary-expr","locations":[{"start":{"line":25,"column":23},"end":{"line":25,"column":62}},{"start":{"line":26,"column":20},"end":{"line":26,"column":70}},{"start":{"line":27,"column":20},"end":{"line":27,"column":71}},{"start":{"line":28,"column":20},"end":{"line":28,"column":29}}]},"2":{"line":30,"type":"binary-expr","locations":[{"start":{"line":30,"column":23},"end":{"line":30,"column":37}},{"start":{"line":31,"column":20},"end":{"line":31,"column":61}},{"start":{"line":32,"column":20},"end":{"line":32,"column":70}},{"start":{"line":33,"column":20},"end":{"line":33,"column":26}}]},"3":{"line":37,"type":"cond-expr","locations":[{"start":{"line":38,"column":14},"end":{"line":38,"column":20}},{"start":{"line":39,"column":14},"end":{"line":39,"column":20}}]},"4":{"line":40,"type":"switch","locations":[{"start":{"line":42,"column":8},"end":{"line":47,"column":18}},{"start":{"line":49,"column":8},"end":{"line":52,"column":18}}]},"5":{"line":44,"type":"binary-expr","locations":[{"start":{"line":44,"column":16},"end":{"line":44,"column":44}},{"start":{"line":44,"column":48},"end":{"line":44,"column":66}}]},"6":{"line":50,"type":"binary-expr","locations":[{"start":{"line":50,"column":21},"end":{"line":50,"column":49}},{"start":{"line":50,"column":53},"end":{"line":50,"column":72}}]},"7":{"line":64,"type":"switch","locations":[{"start":{"line":69,"column":4},"end":{"line":70,"column":14}},{"start":{"line":75,"column":4},"end":{"line":76,"column":14}}]},"8":{"line":85,"type":"switch","locations":[{"start":{"line":90,"column":4},"end":{"line":105,"column":14}},{"start":{"line":111,"column":4},"end":{"line":193,"column":14},"skip":true}]},"9":{"line":91,"type":"binary-expr","locations":[{"start":{"line":91,"column":42},"end":{"line":91,"column":73}},{"start":{"line":91,"column":77},"end":{"line":99,"column":9}}]},"10":{"line":102,"type":"binary-expr","locations":[{"start":{"line":102,"column":18},"end":{"line":102,"column":32}},{"start":{"line":103,"column":12},"end":{"line":103,"column":53}},{"start":{"line":104,"column":12},"end":{"line":104,"column":61}}]},"11":{"line":112,"type":"binary-expr","locations":[{"start":{"line":112,"column":45},"end":{"line":112,"column":79},"skip":true},{"start":{"line":112,"column":83},"end":{"line":121,"column":9},"skip":true}]},"12":{"line":123,"type":"binary-expr","locations":[{"start":{"line":123,"column":42},"end":{"line":123,"column":73},"skip":true},{"start":{"line":123,"column":77},"end":{"line":136,"column":9},"skip":true}]},"13":{"line":138,"type":"binary-expr","locations":[{"start":{"line":138,"column":48},"end":{"line":138,"column":85},"skip":true},{"start":{"line":139,"column":12},"end":{"line":145,"column":13},"skip":true}]},"14":{"line":147,"type":"binary-expr","locations":[{"start":{"line":147,"column":42},"end":{"line":147,"column":73},"skip":true},{"start":{"line":147,"column":77},"end":{"line":156,"column":9},"skip":true}]},"15":{"line":158,"type":"binary-expr","locations":[{"start":{"line":158,"column":45},"end":{"line":158,"column":79},"skip":true},{"start":{"line":158,"column":83},"end":{"line":167,"column":9},"skip":true}]},"16":{"line":169,"type":"binary-expr","locations":[{"start":{"line":169,"column":43},"end":{"line":169,"column":75},"skip":true},{"start":{"line":169,"column":79},"end":{"line":178,"column":9},"skip":true}]},"17":{"line":180,"type":"binary-expr","locations":[{"start":{"line":180,"column":41},"end":{"line":180,"column":71},"skip":true},{"start":{"line":180,"column":75},"end":{"line":189,"column":9},"skip":true}]}},"code":["/* istanbul instrument in package npmtest_do_wrapper */","/*jslint","    bitwise: true,","    browser: true,","    maxerr: 8,","    maxlen: 96,","    node: true,","    nomen: true,","    regexp: true,","    stupid: true","*/","(function () {","    'use strict';","    var local;","","","","    // run shared js-env code - pre-init","    (function () {","        // init local","        local = {};","        // init modeJs","        local.modeJs = (function () {","            try {","                return typeof navigator.userAgent === 'string' &&","                    typeof document.querySelector('body') === 'object' &&","                    typeof XMLHttpRequest.prototype.open === 'function' &&","                    'browser';","            } catch (errorCaughtBrowser) {","                return module.exports &&","                    typeof process.versions.node === 'string' &&","                    typeof require('http').createServer === 'function' &&","                    'node';","            }","        }());","        // init global","        local.global = local.modeJs === 'browser'","            ? window","            : global;","        switch (local.modeJs) {","        // re-init local from window.local","        case 'browser':","            local = local.global.utility2.objectSetDefault(","                local.global.utility2_rollup || local.global.local,","                local.global.utility2","            );","            break;","        // re-init local from example.js","        case 'node':","            local = (local.global.utility2_rollup || require('utility2'))","                .requireReadme();","            break;","        }","        // export local","        local.global.local = local;","    }());","","","","    // run shared js-env code - function","    (function () {","        return;","    }());","    switch (local.modeJs) {","","","","    // run browser js-env code - function","    case 'browser':","        break;","","","","    // run node js-env code - function","    case 'node':","        break;","    }","","","","    // run shared js-env code - post-init","    (function () {","        return;","    }());","    switch (local.modeJs) {","","","","    // run browser js-env code - post-init","    case 'browser':","        local.testCase_browser_nullCase = local.testCase_browser_nullCase || function (","            options,","            onError","        ) {","        /*","         * this function will test browsers's null-case handling-behavior-behavior","         */","            onError(null, options);","        };","","        // run tests","        local.nop(local.modeTest &&","            document.querySelector('#testRunButton1') &&","            document.querySelector('#testRunButton1').click());","        break;","","","","    // run node js-env code - post-init","    /* istanbul ignore next */","    case 'node':","        local.testCase_buildApidoc_default = local.testCase_buildApidoc_default || function (","            options,","            onError","        ) {","        /*","         * this function will test buildApidoc's default handling-behavior-behavior","         */","            options = { modulePathList: module.paths };","            local.buildApidoc(options, onError);","        };","","        local.testCase_buildApp_default = local.testCase_buildApp_default || function (","            options,","            onError","        ) {","        /*","         * this function will test buildApp's default handling-behavior-behavior","         */","            local.testCase_buildReadme_default(options, local.onErrorThrow);","            local.testCase_buildLib_default(options, local.onErrorThrow);","            local.testCase_buildTest_default(options, local.onErrorThrow);","            local.testCase_buildCustomOrg_default(options, local.onErrorThrow);","            options = [];","            local.buildApp(options, onError);","        };","","        local.testCase_buildCustomOrg_default = local.testCase_buildCustomOrg_default ||","            function (options, onError) {","            /*","             * this function will test buildCustomOrg's default handling-behavior","             */","                options = {};","                local.buildCustomOrg(options, onError);","            };","","        local.testCase_buildLib_default = local.testCase_buildLib_default || function (","            options,","            onError","        ) {","        /*","         * this function will test buildLib's default handling-behavior","         */","            options = {};","            local.buildLib(options, onError);","        };","","        local.testCase_buildReadme_default = local.testCase_buildReadme_default || function (","            options,","            onError","        ) {","        /*","         * this function will test buildReadme's default handling-behavior-behavior","         */","            options = {};","            local.buildReadme(options, onError);","        };","","        local.testCase_buildTest_default = local.testCase_buildTest_default || function (","            options,","            onError","        ) {","        /*","         * this function will test buildTest's default handling-behavior","         */","            options = {};","            local.buildTest(options, onError);","        };","","        local.testCase_webpage_default = local.testCase_webpage_default || function (","            options,","            onError","        ) {","        /*","         * this function will test webpage's default handling-behavior","         */","            options = { modeCoverageMerge: true, url: local.serverLocalHost + '?modeTest=1' };","            local.browserTest(options, onError);","        };","","        // run test-server","        local.testRunServer(local);","        break;","    }","}());",""],"l":{"12":2,"14":2,"19":2,"21":2,"23":2,"24":2,"25":2,"30":1,"37":2,"40":2,"43":1,"47":1,"50":1,"52":1,"55":2,"61":2,"62":2,"64":2,"70":1,"76":1,"82":2,"83":2,"85":2,"91":1,"98":1,"102":1,"105":1,"112":1,"119":1,"120":1,"123":1,"130":1,"131":1,"132":1,"133":1,"134":1,"135":1,"138":1,"143":2,"144":2,"147":1,"154":2,"155":2,"158":1,"165":2,"166":2,"169":1,"176":2,"177":2,"180":1,"187":1,"188":1,"192":1,"193":1}},"/home/travis/build/npmtest/node-npmtest-do-wrapper/lib.npmtest_do_wrapper.js":{"path":"/home/travis/build/npmtest/node-npmtest-do-wrapper/lib.npmtest_do_wrapper.js","s":{"1":2,"2":2,"3":2,"4":2,"5":2,"6":2,"7":2,"8":1,"9":2,"10":2,"11":2,"12":2,"13":1,"14":1,"15":1,"16":1},"b":{"1":[2,1,1,1],"2":[1,1,1,1],"3":[1,1],"4":[2,2],"5":[1,1]},"f":{"1":2,"2":2,"3":2},"fnMap":{"1":{"name":"(anonymous_1)","line":12,"loc":{"start":{"line":12,"column":1},"end":{"line":12,"column":13}}},"2":{"name":"(anonymous_2)","line":19,"loc":{"start":{"line":19,"column":5},"end":{"line":19,"column":17}}},"3":{"name":"(anonymous_3)","line":23,"loc":{"start":{"line":23,"column":24},"end":{"line":23,"column":36}}}},"statementMap":{"1":{"start":{"line":12,"column":0},"end":{"line":53,"column":5}},"2":{"start":{"line":14,"column":4},"end":{"line":14,"column":14}},"3":{"start":{"line":19,"column":4},"end":{"line":52,"column":9}},"4":{"start":{"line":21,"column":8},"end":{"line":21,"column":19}},"5":{"start":{"line":23,"column":8},"end":{"line":35,"column":13}},"6":{"start":{"line":24,"column":12},"end":{"line":34,"column":13}},"7":{"start":{"line":25,"column":16},"end":{"line":28,"column":30}},"8":{"start":{"line":30,"column":16},"end":{"line":33,"column":27}},"9":{"start":{"line":37,"column":8},"end":{"line":39,"column":21}},"10":{"start":{"line":41,"column":8},"end":{"line":41,"column":54}},"11":{"start":{"line":43,"column":8},"end":{"line":43,"column":55}},"12":{"start":{"line":45,"column":8},"end":{"line":51,"column":9}},"13":{"start":{"line":46,"column":12},"end":{"line":46,"column":61}},"14":{"start":{"line":48,"column":12},"end":{"line":48,"column":35}},"15":{"start":{"line":49,"column":12},"end":{"line":49,"column":49}},"16":{"start":{"line":50,"column":12},"end":{"line":50,"column":43}}},"branchMap":{"1":{"line":25,"type":"binary-expr","locations":[{"start":{"line":25,"column":23},"end":{"line":25,"column":62}},{"start":{"line":26,"column":20},"end":{"line":26,"column":70}},{"start":{"line":27,"column":20},"end":{"line":27,"column":71}},{"start":{"line":28,"column":20},"end":{"line":28,"column":29}}]},"2":{"line":30,"type":"binary-expr","locations":[{"start":{"line":30,"column":23},"end":{"line":30,"column":37}},{"start":{"line":31,"column":20},"end":{"line":31,"column":61}},{"start":{"line":32,"column":20},"end":{"line":32,"column":70}},{"start":{"line":33,"column":20},"end":{"line":33,"column":26}}]},"3":{"line":37,"type":"cond-expr","locations":[{"start":{"line":38,"column":14},"end":{"line":38,"column":20}},{"start":{"line":39,"column":14},"end":{"line":39,"column":20}}]},"4":{"line":41,"type":"binary-expr","locations":[{"start":{"line":41,"column":16},"end":{"line":41,"column":44}},{"start":{"line":41,"column":48},"end":{"line":41,"column":53}}]},"5":{"line":45,"type":"if","locations":[{"start":{"line":45,"column":8},"end":{"line":45,"column":8}},{"start":{"line":45,"column":8},"end":{"line":45,"column":8}}]}},"code":["/* istanbul instrument in package npmtest_do_wrapper */","/*jslint","    bitwise: true,","    browser: true,","    maxerr: 8,","    maxlen: 96,","    node: true,","    nomen: true,","    regexp: true,","    stupid: true","*/","(function () {","    'use strict';","    var local;","","","","    // run shared js-env code - pre-init","    (function () {","        // init local","        local = {};","        // init modeJs","        local.modeJs = (function () {","            try {","                return typeof navigator.userAgent === 'string' &&","                    typeof document.querySelector('body') === 'object' &&","                    typeof XMLHttpRequest.prototype.open === 'function' &&","                    'browser';","            } catch (errorCaughtBrowser) {","                return module.exports &&","                    typeof process.versions.node === 'string' &&","                    typeof require('http').createServer === 'function' &&","                    'node';","            }","        }());","        // init global","        local.global = local.modeJs === 'browser'","            ? window","            : global;","        // init utility2_rollup","        local = local.global.utility2_rollup || local;","        // init lib","        local.local = local.npmtest_do_wrapper = local;","        // init exports","        if (local.modeJs === 'browser') {","            local.global.utility2_npmtest_do_wrapper = local;","        } else {","            module.exports = local;","            module.exports.__dirname = __dirname;","            module.exports.module = module;","        }","    }());","}());",""],"l":{"12":2,"14":2,"19":2,"21":2,"23":2,"24":2,"25":2,"30":1,"37":2,"41":2,"43":2,"45":2,"46":1,"48":1,"49":1,"50":1}},"/home/travis/build/npmtest/node-npmtest-do-wrapper/example.js":{"path":"/home/travis/build/npmtest/node-npmtest-do-wrapper/example.js","s":{"1":2,"2":2,"3":2,"4":2,"5":2,"6":2,"7":2,"8":1,"9":2,"10":2,"11":2,"12":2,"13":1,"14":2,"15":2,"16":2,"17":2,"18":2,"19":0,"20":2,"21":1,"22":1,"23":1,"24":1,"25":1,"26":0,"27":0,"28":1,"29":1,"30":2,"31":0,"32":0,"33":0,"34":1,"35":2,"36":2,"37":3,"38":3,"39":3,"40":3,"41":0,"42":3,"43":3,"44":3,"45":1,"46":3,"47":1,"48":1,"49":1,"50":1,"51":1,"52":1,"53":1,"54":1,"55":1,"56":1,"57":0,"58":1,"59":6,"60":6,"61":1,"62":2,"63":0,"64":2,"65":1,"66":1,"67":0,"68":0,"69":0,"70":0,"71":0,"72":0,"73":0,"74":0,"75":0,"76":0,"77":0,"78":0,"79":0,"80":0,"81":0,"82":0,"83":0},"b":{"1":[2,1,1,1],"2":[1,1,1,1],"3":[1,1],"4":[2,2],"5":[1,1],"6":[1,1],"7":[2,0],"8":[2,1,1,1,1,1],"9":[0,2,0],"10":[1,1],"11":[2,1,1],"12":[1,0],"13":[0,2],"14":[2,0,0,0,0,0,0],"15":[0,3],"16":[3,0],"17":[1,1],"18":[0,1],"19":[1,2,0,2],"20":[1,0],"21":[1,1],"22":[0,0],"23":[0,0],"24":[0,0],"25":[0,0],"26":[0,0],"27":[0,0],"28":[0,0]},"f":{"1":2,"2":2,"3":2,"4":2,"5":2,"6":2,"7":3,"8":3,"9":3,"10":1,"11":6,"12":0},"fnMap":{"1":{"name":"(anonymous_1)","line":26,"loc":{"start":{"line":26,"column":1},"end":{"line":26,"column":13}}},"2":{"name":"(anonymous_2)","line":33,"loc":{"start":{"line":33,"column":5},"end":{"line":33,"column":17}}},"3":{"name":"(anonymous_3)","line":37,"loc":{"start":{"line":37,"column":24},"end":{"line":37,"column":36}}},"4":{"name":"(anonymous_4)","line":69,"loc":{"start":{"line":69,"column":31},"end":{"line":69,"column":48}},"skip":true},"5":{"name":"(anonymous_5)","line":78,"loc":{"start":{"line":78,"column":26},"end":{"line":78,"column":45}},"skip":true},"6":{"name":"(anonymous_6)","line":123,"loc":{"start":{"line":123,"column":33},"end":{"line":123,"column":48}},"skip":true},"7":{"name":"(anonymous_7)","line":125,"loc":{"start":{"line":125,"column":27},"end":{"line":125,"column":39}},"skip":true},"8":{"name":"(anonymous_8)","line":133,"loc":{"start":{"line":133,"column":59},"end":{"line":133,"column":74}},"skip":true},"9":{"name":"(anonymous_9)","line":143,"loc":{"start":{"line":143,"column":45},"end":{"line":143,"column":62}},"skip":true},"10":{"name":"(anonymous_10)","line":144,"loc":{"start":{"line":144,"column":73},"end":{"line":144,"column":92}},"skip":true},"11":{"name":"(anonymous_11)","line":272,"loc":{"start":{"line":272,"column":51},"end":{"line":272,"column":77}},"skip":true},"12":{"name":"(anonymous_12)","line":315,"loc":{"start":{"line":315,"column":32},"end":{"line":315,"column":61}},"skip":true}},"statementMap":{"1":{"start":{"line":26,"column":0},"end":{"line":326,"column":5}},"2":{"start":{"line":28,"column":4},"end":{"line":28,"column":14}},"3":{"start":{"line":33,"column":4},"end":{"line":60,"column":9}},"4":{"start":{"line":35,"column":8},"end":{"line":35,"column":19}},"5":{"start":{"line":37,"column":8},"end":{"line":49,"column":13}},"6":{"start":{"line":38,"column":12},"end":{"line":48,"column":13}},"7":{"start":{"line":39,"column":16},"end":{"line":42,"column":30}},"8":{"start":{"line":44,"column":16},"end":{"line":47,"column":27}},"9":{"start":{"line":51,"column":8},"end":{"line":53,"column":21}},"10":{"start":{"line":55,"column":8},"end":{"line":57,"column":45}},"11":{"start":{"line":59,"column":8},"end":{"line":59,"column":35}},"12":{"start":{"line":61,"column":4},"end":{"line":325,"column":5}},"13":{"start":{"line":69,"column":8},"end":{"line":121,"column":10},"skip":true},"14":{"start":{"line":70,"column":12},"end":{"line":88,"column":13},"skip":true},"15":{"start":{"line":76,"column":16},"end":{"line":87,"column":19},"skip":true},"16":{"start":{"line":79,"column":20},"end":{"line":86,"column":21},"skip":true},"17":{"start":{"line":82,"column":24},"end":{"line":82,"column":43},"skip":true},"18":{"start":{"line":83,"column":24},"end":{"line":83,"column":30},"skip":true},"19":{"start":{"line":85,"column":24},"end":{"line":85,"column":49},"skip":true},"20":{"start":{"line":89,"column":12},"end":{"line":107,"column":13},"skip":true},"21":{"start":{"line":92,"column":16},"end":{"line":102,"column":17},"skip":true},"22":{"start":{"line":93,"column":20},"end":{"line":93,"column":86},"skip":true},"23":{"start":{"line":94,"column":20},"end":{"line":95,"column":45},"skip":true},"24":{"start":{"line":96,"column":20},"end":{"line":96,"column":42},"skip":true},"25":{"start":{"line":97,"column":20},"end":{"line":97,"column":48},"skip":true},"26":{"start":{"line":100,"column":20},"end":{"line":100,"column":85},"skip":true},"27":{"start":{"line":101,"column":20},"end":{"line":101,"column":96},"skip":true},"28":{"start":{"line":103,"column":16},"end":{"line":103,"column":22},"skip":true},"29":{"start":{"line":106,"column":16},"end":{"line":106,"column":22},"skip":true},"30":{"start":{"line":108,"column":12},"end":{"line":120,"column":13},"skip":true},"31":{"start":{"line":114,"column":16},"end":{"line":119,"column":17},"skip":true},"32":{"start":{"line":116,"column":20},"end":{"line":116,"column":78},"skip":true},"33":{"start":{"line":118,"column":20},"end":{"line":118,"column":47},"skip":true},"34":{"start":{"line":123,"column":8},"end":{"line":141,"column":11},"skip":true},"35":{"start":{"line":124,"column":12},"end":{"line":124,"column":54},"skip":true},"36":{"start":{"line":125,"column":12},"end":{"line":140,"column":14},"skip":true},"37":{"start":{"line":126,"column":16},"end":{"line":126,"column":28},"skip":true},"38":{"start":{"line":127,"column":16},"end":{"line":127,"column":69},"skip":true},"39":{"start":{"line":128,"column":16},"end":{"line":128,"column":75},"skip":true},"40":{"start":{"line":129,"column":16},"end":{"line":131,"column":17},"skip":true},"41":{"start":{"line":130,"column":20},"end":{"line":130,"column":27},"skip":true},"42":{"start":{"line":133,"column":16},"end":{"line":137,"column":36},"skip":true},"43":{"start":{"line":134,"column":20},"end":{"line":136,"column":55},"skip":true},"44":{"start":{"line":139,"column":16},"end":{"line":139,"column":57},"skip":true},"45":{"start":{"line":143,"column":8},"end":{"line":147,"column":11},"skip":true},"46":{"start":{"line":144,"column":12},"end":{"line":146,"column":15},"skip":true},"47":{"start":{"line":145,"column":16},"end":{"line":145,"column":70},"skip":true},"48":{"start":{"line":149,"column":8},"end":{"line":149,"column":31},"skip":true},"49":{"start":{"line":150,"column":8},"end":{"line":150,"column":14},"skip":true},"50":{"start":{"line":158,"column":8},"end":{"line":158,"column":31},"skip":true},"51":{"start":{"line":160,"column":8},"end":{"line":160,"column":33},"skip":true},"52":{"start":{"line":161,"column":8},"end":{"line":161,"column":37},"skip":true},"53":{"start":{"line":162,"column":8},"end":{"line":162,"column":35},"skip":true},"54":{"start":{"line":164,"column":8},"end":{"line":164,"column":50},"skip":true},"55":{"start":{"line":166,"column":8},"end":{"line":256,"column":2},"skip":true},"56":{"start":{"line":258,"column":8},"end":{"line":286,"column":9},"skip":true},"57":{"start":{"line":259,"column":12},"end":{"line":269,"column":14},"skip":true},"58":{"start":{"line":271,"column":12},"end":{"line":285,"column":19},"skip":true},"59":{"start":{"line":274,"column":20},"end":{"line":274,"column":35},"skip":true},"60":{"start":{"line":275,"column":20},"end":{"line":284,"column":21},"skip":true},"61":{"start":{"line":277,"column":24},"end":{"line":277,"column":64},"skip":true},"62":{"start":{"line":279,"column":24},"end":{"line":279,"column":40},"skip":true},"63":{"start":{"line":281,"column":24},"end":{"line":281,"column":40},"skip":true},"64":{"start":{"line":283,"column":24},"end":{"line":283,"column":39},"skip":true},"65":{"start":{"line":288,"column":8},"end":{"line":290,"column":9},"skip":true},"66":{"start":{"line":289,"column":12},"end":{"line":289,"column":18},"skip":true},"67":{"start":{"line":291,"column":8},"end":{"line":293,"column":54},"skip":true},"68":{"start":{"line":296,"column":8},"end":{"line":301,"column":37},"skip":true},"69":{"start":{"line":303,"column":8},"end":{"line":303,"column":82},"skip":true},"70":{"start":{"line":306,"column":8},"end":{"line":308,"column":9},"skip":true},"71":{"start":{"line":307,"column":12},"end":{"line":307,"column":82},"skip":true},"72":{"start":{"line":310,"column":8},"end":{"line":312,"column":9},"skip":true},"73":{"start":{"line":311,"column":12},"end":{"line":311,"column":18},"skip":true},"74":{"start":{"line":313,"column":8},"end":{"line":313,"column":54},"skip":true},"75":{"start":{"line":314,"column":8},"end":{"line":314,"column":69},"skip":true},"76":{"start":{"line":315,"column":8},"end":{"line":323,"column":36},"skip":true},"77":{"start":{"line":316,"column":12},"end":{"line":316,"column":61},"skip":true},"78":{"start":{"line":317,"column":12},"end":{"line":320,"column":13},"skip":true},"79":{"start":{"line":318,"column":16},"end":{"line":318,"column":75},"skip":true},"80":{"start":{"line":319,"column":16},"end":{"line":319,"column":23},"skip":true},"81":{"start":{"line":321,"column":12},"end":{"line":321,"column":38},"skip":true},"82":{"start":{"line":322,"column":12},"end":{"line":322,"column":27},"skip":true},"83":{"start":{"line":324,"column":8},"end":{"line":324,"column":14},"skip":true}},"branchMap":{"1":{"line":39,"type":"binary-expr","locations":[{"start":{"line":39,"column":23},"end":{"line":39,"column":62}},{"start":{"line":40,"column":20},"end":{"line":40,"column":70}},{"start":{"line":41,"column":20},"end":{"line":41,"column":71}},{"start":{"line":42,"column":20},"end":{"line":42,"column":29}}]},"2":{"line":44,"type":"binary-expr","locations":[{"start":{"line":44,"column":23},"end":{"line":44,"column":37}},{"start":{"line":45,"column":20},"end":{"line":45,"column":61}},{"start":{"line":46,"column":20},"end":{"line":46,"column":70}},{"start":{"line":47,"column":20},"end":{"line":47,"column":26}}]},"3":{"line":51,"type":"cond-expr","locations":[{"start":{"line":52,"column":14},"end":{"line":52,"column":20}},{"start":{"line":53,"column":14},"end":{"line":53,"column":20}}]},"4":{"line":55,"type":"binary-expr","locations":[{"start":{"line":55,"column":16},"end":{"line":55,"column":44}},{"start":{"line":55,"column":49},"end":{"line":57,"column":43}}]},"5":{"line":55,"type":"cond-expr","locations":[{"start":{"line":56,"column":14},"end":{"line":56,"column":54}},{"start":{"line":57,"column":14},"end":{"line":57,"column":43}}]},"6":{"line":61,"type":"switch","locations":[{"start":{"line":68,"column":4},"end":{"line":150,"column":14},"skip":true},{"start":{"line":156,"column":4},"end":{"line":324,"column":14},"skip":true}]},"7":{"line":70,"type":"if","locations":[{"start":{"line":70,"column":12},"end":{"line":70,"column":12},"skip":true},{"start":{"line":70,"column":12},"end":{"line":70,"column":12},"skip":true}]},"8":{"line":70,"type":"binary-expr","locations":[{"start":{"line":70,"column":16},"end":{"line":70,"column":22},"skip":true},{"start":{"line":70,"column":27},"end":{"line":70,"column":32},"skip":true},{"start":{"line":71,"column":20},"end":{"line":71,"column":39},"skip":true},{"start":{"line":72,"column":20},"end":{"line":72,"column":49},"skip":true},{"start":{"line":73,"column":20},"end":{"line":73,"column":58},"skip":true},{"start":{"line":74,"column":20},"end":{"line":74,"column":69},"skip":true}]},"9":{"line":79,"type":"switch","locations":[{"start":{"line":80,"column":20},"end":{"line":80,"column":33},"skip":true},{"start":{"line":81,"column":20},"end":{"line":83,"column":30},"skip":true},{"start":{"line":84,"column":20},"end":{"line":85,"column":49},"skip":true}]},"10":{"line":89,"type":"switch","locations":[{"start":{"line":90,"column":12},"end":{"line":103,"column":22},"skip":true},{"start":{"line":105,"column":12},"end":{"line":106,"column":22},"skip":true}]},"11":{"line":89,"type":"binary-expr","locations":[{"start":{"line":89,"column":20},"end":{"line":89,"column":25},"skip":true},{"start":{"line":89,"column":29},"end":{"line":89,"column":48},"skip":true},{"start":{"line":89,"column":52},"end":{"line":89,"column":74},"skip":true}]},"12":{"line":92,"type":"if","locations":[{"start":{"line":92,"column":16},"end":{"line":92,"column":16},"skip":true},{"start":{"line":92,"column":16},"end":{"line":92,"column":16},"skip":true}]},"13":{"line":108,"type":"if","locations":[{"start":{"line":108,"column":12},"end":{"line":108,"column":12},"skip":true},{"start":{"line":108,"column":12},"end":{"line":108,"column":12},"skip":true}]},"14":{"line":108,"type":"binary-expr","locations":[{"start":{"line":108,"column":16},"end":{"line":108,"column":61},"skip":true},{"start":{"line":108,"column":66},"end":{"line":108,"column":72},"skip":true},{"start":{"line":108,"column":77},"end":{"line":108,"column":82},"skip":true},{"start":{"line":109,"column":20},"end":{"line":109,"column":39},"skip":true},{"start":{"line":110,"column":20},"end":{"line":110,"column":49},"skip":true},{"start":{"line":111,"column":20},"end":{"line":111,"column":58},"skip":true},{"start":{"line":112,"column":20},"end":{"line":112,"column":68},"skip":true}]},"15":{"line":129,"type":"if","locations":[{"start":{"line":129,"column":16},"end":{"line":129,"column":16},"skip":true},{"start":{"line":129,"column":16},"end":{"line":129,"column":16},"skip":true}]},"16":{"line":134,"type":"cond-expr","locations":[{"start":{"line":135,"column":26},"end":{"line":135,"column":29},"skip":true},{"start":{"line":136,"column":26},"end":{"line":136,"column":54},"skip":true}]},"17":{"line":164,"type":"binary-expr","locations":[{"start":{"line":164,"column":27},"end":{"line":164,"column":43},"skip":true},{"start":{"line":164,"column":47},"end":{"line":164,"column":49},"skip":true}]},"18":{"line":258,"type":"if","locations":[{"start":{"line":258,"column":8},"end":{"line":258,"column":8},"skip":true},{"start":{"line":258,"column":8},"end":{"line":258,"column":8},"skip":true}]},"19":{"line":275,"type":"switch","locations":[{"start":{"line":276,"column":20},"end":{"line":277,"column":64},"skip":true},{"start":{"line":278,"column":20},"end":{"line":279,"column":40},"skip":true},{"start":{"line":280,"column":20},"end":{"line":281,"column":40},"skip":true},{"start":{"line":282,"column":20},"end":{"line":283,"column":39},"skip":true}]},"20":{"line":288,"type":"if","locations":[{"start":{"line":288,"column":8},"end":{"line":288,"column":8},"skip":true},{"start":{"line":288,"column":8},"end":{"line":288,"column":8},"skip":true}]},"21":{"line":288,"type":"binary-expr","locations":[{"start":{"line":288,"column":12},"end":{"line":288,"column":40},"skip":true},{"start":{"line":288,"column":44},"end":{"line":288,"column":67},"skip":true}]},"22":{"line":292,"type":"binary-expr","locations":[{"start":{"line":292,"column":12},"end":{"line":292,"column":50},"skip":true},{"start":{"line":293,"column":12},"end":{"line":293,"column":53},"skip":true}]},"23":{"line":297,"type":"binary-expr","locations":[{"start":{"line":297,"column":12},"end":{"line":297,"column":68},"skip":true},{"start":{"line":298,"column":12},"end":{"line":301,"column":36},"skip":true}]},"24":{"line":303,"type":"binary-expr","locations":[{"start":{"line":303,"column":43},"end":{"line":303,"column":75},"skip":true},{"start":{"line":303,"column":79},"end":{"line":303,"column":81},"skip":true}]},"25":{"line":306,"type":"if","locations":[{"start":{"line":306,"column":8},"end":{"line":306,"column":8},"skip":true},{"start":{"line":306,"column":8},"end":{"line":306,"column":8},"skip":true}]},"26":{"line":310,"type":"if","locations":[{"start":{"line":310,"column":8},"end":{"line":310,"column":8},"skip":true},{"start":{"line":310,"column":8},"end":{"line":310,"column":8},"skip":true}]},"27":{"line":313,"type":"binary-expr","locations":[{"start":{"line":313,"column":27},"end":{"line":313,"column":43},"skip":true},{"start":{"line":313,"column":47},"end":{"line":313,"column":53},"skip":true}]},"28":{"line":317,"type":"if","locations":[{"start":{"line":317,"column":12},"end":{"line":317,"column":12},"skip":true},{"start":{"line":317,"column":12},"end":{"line":317,"column":12},"skip":true}]}},"code":["/*","example.js","","quickstart example","","instruction","    1. save this script as example.js","    2. run the shell command:","        $ npm install npmtest-do-wrapper && PORT=8081 node example.js","    3. play with the browser-demo on http://127.0.0.1:8081","*/","","","","/* istanbul instrument in package npmtest_do_wrapper */","/*jslint","    bitwise: true,","    browser: true,","    maxerr: 8,","    maxlen: 96,","    node: true,","    nomen: true,","    regexp: true,","    stupid: true","*/","(function () {","    'use strict';","    var local;","","","","    // run shared js-env code - pre-init","    (function () {","        // init local","        local = {};","        // init modeJs","        local.modeJs = (function () {","            try {","                return typeof navigator.userAgent === 'string' &&","                    typeof document.querySelector('body') === 'object' &&","                    typeof XMLHttpRequest.prototype.open === 'function' &&","                    'browser';","            } catch (errorCaughtBrowser) {","                return module.exports &&","                    typeof process.versions.node === 'string' &&","                    typeof require('http').createServer === 'function' &&","                    'node';","            }","        }());","        // init global","        local.global = local.modeJs === 'browser'","            ? window","            : global;","        // init utility2_rollup","        local = local.global.utility2_rollup || (local.modeJs === 'browser'","            ? local.global.utility2_npmtest_do_wrapper","            : global.utility2_moduleExports);","        // export local","        local.global.local = local;","    }());","    switch (local.modeJs) {","","","","    // post-init","    // run browser js-env code - post-init","    /* istanbul ignore next */","    case 'browser':","        local.testRunBrowser = function (event) {","            if (!event || (event &&","                    event.currentTarget &&","                    event.currentTarget.className &&","                    event.currentTarget.className.includes &&","                    event.currentTarget.className.includes('onreset'))) {","                // reset output","                Array.from(","                    document.querySelectorAll('body > .resettable')","                ).forEach(function (element) {","                    switch (element.tagName) {","                    case 'INPUT':","                    case 'TEXTAREA':","                        element.value = '';","                        break;","                    default:","                        element.textContent = '';","                    }","                });","            }","            switch (event && event.currentTarget && event.currentTarget.id) {","            case 'testRunButton1':","                // show tests","                if (document.querySelector('#testReportDiv1').style.display === 'none') {","                    document.querySelector('#testReportDiv1').style.display = 'block';","                    document.querySelector('#testRunButton1').textContent =","                        'hide internal test';","                    local.modeTest = true;","                    local.testRunDefault(local);","                // hide tests","                } else {","                    document.querySelector('#testReportDiv1').style.display = 'none';","                    document.querySelector('#testRunButton1').textContent = 'run internal test';","                }","                break;","            // custom-case","            default:","                break;","            }","            if (document.querySelector('#inputTextareaEval1') && (!event || (event &&","                    event.currentTarget &&","                    event.currentTarget.className &&","                    event.currentTarget.className.includes &&","                    event.currentTarget.className.includes('oneval')))) {","                // try to eval input-code","                try {","                    /*jslint evil: true*/","                    eval(document.querySelector('#inputTextareaEval1').value);","                } catch (errorCaught) {","                    console.error(errorCaught);","                }","            }","        };","        // log stderr and stdout to #outputTextareaStdout1","        ['error', 'log'].forEach(function (key) {","            console[key + '_original'] = console[key];","            console[key] = function () {","                var element;","                console[key + '_original'].apply(console, arguments);","                element = document.querySelector('#outputTextareaStdout1');","                if (!element) {","                    return;","                }","                // append text to #outputTextareaStdout1","                element.value += Array.from(arguments).map(function (arg) {","                    return typeof arg === 'string'","                        ? arg","                        : JSON.stringify(arg, null, 4);","                }).join(' ') + '\\n';","                // scroll textarea to bottom","                element.scrollTop = element.scrollHeight;","            };","        });","        // init event-handling","        ['change', 'click', 'keyup'].forEach(function (event) {","            Array.from(document.querySelectorAll('.on' + event)).forEach(function (element) {","                element.addEventListener(event, local.testRunBrowser);","            });","        });","        // run tests","        local.testRunBrowser();","        break;","","","","    // run node js-env code - post-init","    /* istanbul ignore next */","    case 'node':","        // export local","        module.exports = local;","        // require modules","        local.fs = require('fs');","        local.http = require('http');","        local.url = require('url');","        // init assets","        local.assetsDict = local.assetsDict || {};","        /* jslint-ignore-begin */","        local.assetsDict['/assets.index.template.html'] = '\\","<!doctype html>\\n\\","<html lang=\"en\">\\n\\","<head>\\n\\","<meta charset=\"UTF-8\">\\n\\","<meta name=\"viewport\" content=\"width=device-width, initial-scale=1\">\\n\\","<title>{{env.npm_package_name}} (v{{env.npm_package_version}})</title>\\n\\","<style>\\n\\","/*csslint\\n\\","    box-sizing: false,\\n\\","    universal-selector: false\\n\\","*/\\n\\","* {\\n\\","    box-sizing: border-box;\\n\\","}\\n\\","body {\\n\\","    background: #dde;\\n\\","    font-family: Arial, Helvetica, sans-serif;\\n\\","    margin: 2rem;\\n\\","}\\n\\","body > * {\\n\\","    margin-bottom: 1rem;\\n\\","}\\n\\",".utility2FooterDiv {\\n\\","    margin-top: 20px;\\n\\","    text-align: center;\\n\\","}\\n\\","</style>\\n\\","<style>\\n\\","/*csslint\\n\\","*/\\n\\","textarea {\\n\\","    font-family: monospace;\\n\\","    height: 10rem;\\n\\","    width: 100%;\\n\\","}\\n\\","textarea[readonly] {\\n\\","    background: #ddd;\\n\\","}\\n\\","</style>\\n\\","</head>\\n\\","<body>\\n\\","<!-- utility2-comment\\n\\","<div id=\"ajaxProgressDiv1\" style=\"background: #d00; height: 2px; left: 0; margin: 0; padding: 0; position: fixed; top: 0; transition: background 0.5s, width 1.5s; width: 25%;\"></div>\\n\\","utility2-comment -->\\n\\","<h1>\\n\\","<!-- utility2-comment\\n\\","    <a\\n\\","        {{#if env.npm_package_homepage}}\\n\\","        href=\"{{env.npm_package_homepage}}\"\\n\\","        {{/if env.npm_package_homepage}}\\n\\","        target=\"_blank\"\\n\\","    >\\n\\","utility2-comment -->\\n\\","        {{env.npm_package_name}} (v{{env.npm_package_version}})\\n\\","<!-- utility2-comment\\n\\","    </a>\\n\\","utility2-comment -->\\n\\","</h1>\\n\\","<h3>{{env.npm_package_description}}</h3>\\n\\","<!-- utility2-comment\\n\\","<h4><a download href=\"assets.app.js\">download standalone app</a></h4>\\n\\","<button class=\"onclick onreset\" id=\"testRunButton1\">run internal test</button><br>\\n\\","<div id=\"testReportDiv1\" style=\"display: none;\"></div>\\n\\","utility2-comment -->\\n\\","\\n\\","\\n\\","\\n\\","<label>stderr and stdout</label>\\n\\","<textarea class=\"resettable\" id=\"outputTextareaStdout1\" readonly></textarea>\\n\\","<!-- utility2-comment\\n\\","{{#if isRollup}}\\n\\","<script src=\"assets.app.js\"></script>\\n\\","{{#unless isRollup}}\\n\\","utility2-comment -->\\n\\","<script src=\"assets.utility2.rollup.js\"></script>\\n\\","<script src=\"jsonp.utility2._stateInit?callback=window.utility2._stateInit\"></script>\\n\\","<script src=\"assets.npmtest_do_wrapper.rollup.js\"></script>\\n\\","<script src=\"assets.example.js\"></script>\\n\\","<script src=\"assets.test.js\"></script>\\n\\","<!-- utility2-comment\\n\\","{{/if isRollup}}\\n\\","utility2-comment -->\\n\\","<div class=\"utility2FooterDiv\">\\n\\","    [ this app was created with\\n\\","    <a href=\"https://github.com/kaizhu256/node-utility2\" target=\"_blank\">utility2</a>\\n\\","    ]\\n\\","</div>\\n\\","</body>\\n\\","</html>\\n\\","';","        /* jslint-ignore-end */","        if (local.templateRender) {","            local.assetsDict['/'] = local.templateRender(","                local.assetsDict['/assets.index.template.html'],","                {","                    env: local.objectSetDefault(local.env, {","                        npm_package_description: 'the greatest app in the world!',","                        npm_package_name: 'my-app',","                        npm_package_nameAlias: 'my_app',","                        npm_package_version: '0.0.1'","                    })","                }","            );","        } else {","            local.assetsDict['/'] = local.assetsDict['/assets.index.template.html']","                .replace((/\\{\\{env\\.(\\w+?)\\}\\}/g), function (match0, match1) {","                    // jslint-hack","                    String(match0);","                    switch (match1) {","                    case 'npm_package_description':","                        return 'the greatest app in the world!';","                    case 'npm_package_name':","                        return 'my-app';","                    case 'npm_package_nameAlias':","                        return 'my_app';","                    case 'npm_package_version':","                        return '0.0.1';","                    }","                });","        }","        // run the cli","        if (local.global.utility2_rollup || module !== require.main) {","            break;","        }","        local.assetsDict['/assets.example.js'] =","            local.assetsDict['/assets.example.js'] ||","            local.fs.readFileSync(__filename, 'utf8');","        // bug-workaround - long $npm_package_buildCustomOrg","        /* jslint-ignore-begin */","        local.assetsDict['/assets.npmtest_do_wrapper.rollup.js'] =","            local.assetsDict['/assets.npmtest_do_wrapper.rollup.js'] ||","            local.fs.readFileSync(","                local.npmtest_do_wrapper.__dirname + '/lib.npmtest_do_wrapper.js',","                'utf8'","            ).replace((/^#!/), '//');","        /* jslint-ignore-end */","        local.assetsDict['/favicon.ico'] = local.assetsDict['/favicon.ico'] || '';","        // if $npm_config_timeout_exit exists,","        // then exit this process after $npm_config_timeout_exit ms","        if (Number(process.env.npm_config_timeout_exit)) {","            setTimeout(process.exit, Number(process.env.npm_config_timeout_exit));","        }","        // start server","        if (local.global.utility2_serverHttp1) {","            break;","        }","        process.env.PORT = process.env.PORT || '8081';","        console.error('server starting on port ' + process.env.PORT);","        local.http.createServer(function (request, response) {","            request.urlParsed = local.url.parse(request.url);","            if (local.assetsDict[request.urlParsed.pathname] !== undefined) {","                response.end(local.assetsDict[request.urlParsed.pathname]);","                return;","            }","            response.statusCode = 404;","            response.end();","        }).listen(process.env.PORT);","        break;","    }","}());",""],"l":{"26":2,"28":2,"33":2,"35":2,"37":2,"38":2,"39":2,"44":1,"51":2,"55":2,"59":2,"61":2,"69":1,"70":2,"76":2,"79":2,"82":2,"83":2,"85":1,"89":2,"92":1,"93":1,"94":1,"96":1,"97":1,"100":1,"101":1,"103":1,"106":1,"108":2,"114":1,"116":1,"118":1,"123":1,"124":2,"125":2,"126":3,"127":3,"128":3,"129":3,"130":1,"133":3,"134":3,"139":3,"143":1,"144":3,"145":1,"149":1,"150":1,"158":1,"160":1,"161":1,"162":1,"164":1,"166":1,"258":1,"259":1,"271":1,"274":6,"275":6,"277":1,"279":2,"281":1,"283":2,"288":1,"289":1,"291":1,"296":1,"303":1,"306":1,"307":1,"310":1,"311":1,"313":1,"314":1,"315":1,"316":1,"317":1,"318":1,"319":1,"321":1,"322":1,"324":1}},"/home/travis/build/npmtest/node-npmtest-do-wrapper/node_modules/do-wrapper/dist/do-wrapper.js":{"path":"/home/travis/build/npmtest/node-npmtest-do-wrapper/node_modules/do-wrapper/dist/do-wrapper.js","s":{"1":1,"2":1,"3":1,"4":0,"5":0,"6":1,"7":1,"8":1,"9":1,"10":65,"11":65,"12":1,"13":1,"14":1,"15":0,"16":1,"17":0,"18":0,"19":0,"20":0,"21":0,"22":0,"23":0,"24":0,"25":0,"26":0,"27":0,"28":0,"29":0,"30":0,"31":0,"32":0,"33":0,"34":0,"35":0,"36":0,"37":0,"38":0,"39":0,"40":0,"41":0,"42":0,"43":0,"44":0,"45":0,"46":0,"47":0,"48":0,"49":0,"50":0,"51":0,"52":0,"53":0,"54":0,"55":0,"56":0,"57":0,"58":0,"59":0,"60":0,"61":0,"62":0,"63":0,"64":0,"65":0,"66":0,"67":0,"68":0,"69":0,"70":0,"71":0,"72":0,"73":0,"74":0,"75":0,"76":0,"77":0,"78":0,"79":0,"80":0,"81":0,"82":0,"83":0,"84":0,"85":0,"86":0,"87":0,"88":0,"89":0,"90":0,"91":0,"92":0,"93":0,"94":0,"95":0,"96":0,"97":0,"98":0,"99":0,"100":0,"101":0,"102":0,"103":0,"104":0,"105":0,"106":0,"107":0,"108":0,"109":0,"110":0,"111":0,"112":0,"113":0,"114":0,"115":0,"116":0,"117":0,"118":0,"119":0,"120":0,"121":0,"122":0,"123":0,"124":0,"125":0,"126":0,"127":0,"128":0,"129":0,"130":0,"131":0,"132":0,"133":0,"134":0,"135":0,"136":0,"137":0,"138":0,"139":0,"140":0,"141":0,"142":0,"143":0,"144":0,"145":0,"146":0,"147":1},"b":{"1":[0,1],"2":[1,1],"3":[0,0],"4":[65,65],"5":[65,65],"6":[1,1],"7":[1,0],"8":[0,0],"9":[0,0],"10":[0,0],"11":[0,0],"12":[0,0],"13":[0,0],"14":[0,0],"15":[0,0],"16":[0,0],"17":[0,0],"18":[0,0],"19":[0,0],"20":[0,0],"21":[0,0],"22":[0,0],"23":[0,0],"24":[0,0],"25":[0,0],"26":[0,0],"27":[0,0],"28":[0,0],"29":[0,0],"30":[0,0],"31":[0,0],"32":[0,0],"33":[0,0],"34":[0,0],"35":[0,0],"36":[0,0],"37":[0,0],"38":[0,0],"39":[0,0],"40":[0,0],"41":[0,0],"42":[0,0],"43":[0,0],"44":[0,0],"45":[0,0],"46":[0,0],"47":[0,0],"48":[0,0],"49":[0,0],"50":[0,0],"51":[0,0],"52":[0,0],"53":[0,0],"54":[0,0],"55":[0,0],"56":[0,0],"57":[0,0],"58":[0,0],"59":[0,0],"60":[0,0],"61":[0,0],"62":[0,0],"63":[0,0],"64":[0,0],"65":[0,0],"66":[0,0],"67":[0,0],"68":[0,0],"69":[0,0],"70":[0,0],"71":[0,0],"72":[0,0],"73":[0,0],"74":[0,0],"75":[0,0],"76":[0,0],"77":[0,0],"78":[0,0],"79":[0,0],"80":[0,0],"81":[0,0],"82":[0,0],"83":[0,0],"84":[0,0],"85":[0,0],"86":[0,0],"87":[0,0],"88":[0,0],"89":[0,0],"90":[0,0],"91":[0,0],"92":[0,0],"93":[0,0],"94":[0,0],"95":[0,0],"96":[0,0],"97":[0,0],"98":[0,0],"99":[0,0],"100":[0,0],"101":[0,0],"102":[0,0],"103":[0,0],"104":[0,0],"105":[0,0],"106":[0,0],"107":[0,0],"108":[0,0],"109":[0,0],"110":[0,0],"111":[0,0],"112":[0,0],"113":[0,0],"114":[0,0],"115":[0,0],"116":[0,0],"117":[0,0],"118":[0,0],"119":[0,0],"120":[0,0],"121":[0,0],"122":[0,0],"123":[0,0],"124":[0,0],"125":[0,0],"126":[0,0],"127":[0,0],"128":[0,0],"129":[0,0],"130":[0,0],"131":[0,0],"132":[0,0],"133":[0,0],"134":[0,0],"135":[0,0],"136":[0,0],"137":[0,0],"138":[0,0],"139":[0,0],"140":[0,0],"141":[0,0],"142":[0,0]},"f":{"1":1,"2":0,"3":1,"4":1,"5":1,"6":1,"7":0,"8":0,"9":0,"10":0,"11":0,"12":0,"13":0,"14":0,"15":0,"16":0,"17":0,"18":0,"19":0,"20":0,"21":0,"22":0,"23":0,"24":0,"25":0,"26":0,"27":0,"28":0,"29":0,"30":0,"31":0,"32":0,"33":0,"34":0,"35":0,"36":0,"37":0,"38":0,"39":0,"40":0,"41":0,"42":0,"43":0,"44":0,"45":0,"46":0,"47":0,"48":0,"49":0,"50":0,"51":0,"52":0,"53":0,"54":0,"55":0,"56":0,"57":0,"58":0,"59":0,"60":0,"61":0,"62":0,"63":0,"64":0,"65":0,"66":0,"67":0,"68":0,"69":0,"70":0,"71":0,"72":0},"fnMap":{"1":{"name":"_interopRequireDefault","line":1,"loc":{"start":{"line":1,"column":13},"end":{"line":1,"column":47}}},"2":{"name":"_classCallCheck","line":1,"loc":{"start":{"line":1,"column":87},"end":{"line":1,"column":116}}},"3":{"name":"(anonymous_3)","line":1,"loc":{"start":{"line":1,"column":267},"end":{"line":1,"column":277}}},"4":{"name":"e","line":1,"loc":{"start":{"line":1,"column":278},"end":{"line":1,"column":293}}},"5":{"name":"(anonymous_5)","line":1,"loc":{"start":{"line":1,"column":451},"end":{"line":1,"column":466}}},"6":{"name":"(anonymous_6)","line":1,"loc":{"start":{"line":1,"column":621},"end":{"line":1,"column":631}}},"7":{"name":"e","line":1,"loc":{"start":{"line":1,"column":632},"end":{"line":1,"column":647}}},"8":{"name":"(anonymous_8)","line":1,"loc":{"start":{"line":1,"column":785},"end":{"line":1,"column":796}}},"9":{"name":"(anonymous_9)","line":1,"loc":{"start":{"line":1,"column":898},"end":{"line":1,"column":911}}},"10":{"name":"(anonymous_10)","line":1,"loc":{"start":{"line":1,"column":1163},"end":{"line":1,"column":1176}}},"11":{"name":"(anonymous_11)","line":1,"loc":{"start":{"line":1,"column":1298},"end":{"line":1,"column":1311}}},"12":{"name":"(anonymous_12)","line":1,"loc":{"start":{"line":1,"column":1566},"end":{"line":1,"column":1579}}},"13":{"name":"(anonymous_13)","line":1,"loc":{"start":{"line":1,"column":1707},"end":{"line":1,"column":1720}}},"14":{"name":"(anonymous_14)","line":1,"loc":{"start":{"line":1,"column":1859},"end":{"line":1,"column":1872}}},"15":{"name":"(anonymous_15)","line":1,"loc":{"start":{"line":1,"column":2001},"end":{"line":1,"column":2016}}},"16":{"name":"(anonymous_16)","line":1,"loc":{"start":{"line":1,"column":2172},"end":{"line":1,"column":2185}}},"17":{"name":"(anonymous_17)","line":1,"loc":{"start":{"line":1,"column":2328},"end":{"line":1,"column":2341}}},"18":{"name":"(anonymous_18)","line":1,"loc":{"start":{"line":1,"column":2596},"end":{"line":1,"column":2611}}},"19":{"name":"(anonymous_19)","line":1,"loc":{"start":{"line":1,"column":2902},"end":{"line":1,"column":2917}}},"20":{"name":"(anonymous_20)","line":1,"loc":{"start":{"line":1,"column":3210},"end":{"line":1,"column":3225}}},"21":{"name":"(anonymous_21)","line":1,"loc":{"start":{"line":1,"column":3514},"end":{"line":1,"column":3529}}},"22":{"name":"(anonymous_22)","line":1,"loc":{"start":{"line":1,"column":3814},"end":{"line":1,"column":3827}}},"23":{"name":"(anonymous_23)","line":1,"loc":{"start":{"line":1,"column":3949},"end":{"line":1,"column":3962}}},"24":{"name":"(anonymous_24)","line":1,"loc":{"start":{"line":1,"column":4085},"end":{"line":1,"column":4098}}},"25":{"name":"(anonymous_25)","line":1,"loc":{"start":{"line":1,"column":4243},"end":{"line":1,"column":4256}}},"26":{"name":"(anonymous_26)","line":1,"loc":{"start":{"line":1,"column":4404},"end":{"line":1,"column":4415}}},"27":{"name":"(anonymous_27)","line":1,"loc":{"start":{"line":1,"column":4537},"end":{"line":1,"column":4548}}},"28":{"name":"(anonymous_28)","line":1,"loc":{"start":{"line":1,"column":4663},"end":{"line":1,"column":4678}}},"29":{"name":"(anonymous_29)","line":1,"loc":{"start":{"line":1,"column":4836},"end":{"line":1,"column":4851}}},"30":{"name":"(anonymous_30)","line":1,"loc":{"start":{"line":1,"column":5007},"end":{"line":1,"column":5020}}},"31":{"name":"(anonymous_31)","line":1,"loc":{"start":{"line":1,"column":5239},"end":{"line":1,"column":5254}}},"32":{"name":"(anonymous_32)","line":1,"loc":{"start":{"line":1,"column":5390},"end":{"line":1,"column":5403}}},"33":{"name":"(anonymous_33)","line":1,"loc":{"start":{"line":1,"column":5524},"end":{"line":1,"column":5537}}},"34":{"name":"(anonymous_34)","line":1,"loc":{"start":{"line":1,"column":5680},"end":{"line":1,"column":5695}}},"35":{"name":"(anonymous_35)","line":1,"loc":{"start":{"line":1,"column":5991},"end":{"line":1,"column":6006}}},"36":{"name":"(anonymous_36)","line":1,"loc":{"start":{"line":1,"column":6162},"end":{"line":1,"column":6177}}},"37":{"name":"(anonymous_37)","line":1,"loc":{"start":{"line":1,"column":6338},"end":{"line":1,"column":6355}}},"38":{"name":"(anonymous_38)","line":1,"loc":{"start":{"line":1,"column":6536},"end":{"line":1,"column":6551}}},"39":{"name":"(anonymous_39)","line":1,"loc":{"start":{"line":1,"column":6722},"end":{"line":1,"column":6735}}},"40":{"name":"(anonymous_40)","line":1,"loc":{"start":{"line":1,"column":6982},"end":{"line":1,"column":6995}}},"41":{"name":"(anonymous_41)","line":1,"loc":{"start":{"line":1,"column":7239},"end":{"line":1,"column":7252}}},"42":{"name":"(anonymous_42)","line":1,"loc":{"start":{"line":1,"column":7544},"end":{"line":1,"column":7557}}},"43":{"name":"(anonymous_43)","line":1,"loc":{"start":{"line":1,"column":7679},"end":{"line":1,"column":7692}}},"44":{"name":"(anonymous_44)","line":1,"loc":{"start":{"line":1,"column":7815},"end":{"line":1,"column":7830}}},"45":{"name":"(anonymous_45)","line":1,"loc":{"start":{"line":1,"column":8111},"end":{"line":1,"column":8126}}},"46":{"name":"(anonymous_46)","line":1,"loc":{"start":{"line":1,"column":8272},"end":{"line":1,"column":8285}}},"47":{"name":"(anonymous_47)","line":1,"loc":{"start":{"line":1,"column":8427},"end":{"line":1,"column":8442}}},"48":{"name":"(anonymous_48)","line":1,"loc":{"start":{"line":1,"column":8596},"end":{"line":1,"column":8611}}},"49":{"name":"(anonymous_49)","line":1,"loc":{"start":{"line":1,"column":8769},"end":{"line":1,"column":8782}}},"50":{"name":"(anonymous_50)","line":1,"loc":{"start":{"line":1,"column":9052},"end":{"line":1,"column":9065}}},"51":{"name":"(anonymous_51)","line":1,"loc":{"start":{"line":1,"column":9212},"end":{"line":1,"column":9225}}},"52":{"name":"(anonymous_52)","line":1,"loc":{"start":{"line":1,"column":9359},"end":{"line":1,"column":9372}}},"53":{"name":"(anonymous_53)","line":1,"loc":{"start":{"line":1,"column":9502},"end":{"line":1,"column":9515}}},"54":{"name":"(anonymous_54)","line":1,"loc":{"start":{"line":1,"column":9668},"end":{"line":1,"column":9683}}},"55":{"name":"(anonymous_55)","line":1,"loc":{"start":{"line":1,"column":9849},"end":{"line":1,"column":9864}}},"56":{"name":"(anonymous_56)","line":1,"loc":{"start":{"line":1,"column":10159},"end":{"line":1,"column":10174}}},"57":{"name":"(anonymous_57)","line":1,"loc":{"start":{"line":1,"column":10331},"end":{"line":1,"column":10344}}},"58":{"name":"(anonymous_58)","line":1,"loc":{"start":{"line":1,"column":10464},"end":{"line":1,"column":10477}}},"59":{"name":"(anonymous_59)","line":1,"loc":{"start":{"line":1,"column":10605},"end":{"line":1,"column":10618}}},"60":{"name":"(anonymous_60)","line":1,"loc":{"start":{"line":1,"column":10733},"end":{"line":1,"column":10746}}},"61":{"name":"(anonymous_61)","line":1,"loc":{"start":{"line":1,"column":10992},"end":{"line":1,"column":11007}}},"62":{"name":"(anonymous_62)","line":1,"loc":{"start":{"line":1,"column":11164},"end":{"line":1,"column":11179}}},"63":{"name":"(anonymous_63)","line":1,"loc":{"start":{"line":1,"column":11335},"end":{"line":1,"column":11350}}},"64":{"name":"(anonymous_64)","line":1,"loc":{"start":{"line":1,"column":11588},"end":{"line":1,"column":11601}}},"65":{"name":"(anonymous_65)","line":1,"loc":{"start":{"line":1,"column":11736},"end":{"line":1,"column":11751}}},"66":{"name":"(anonymous_66)","line":1,"loc":{"start":{"line":1,"column":11889},"end":{"line":1,"column":11902}}},"67":{"name":"(anonymous_67)","line":1,"loc":{"start":{"line":1,"column":12031},"end":{"line":1,"column":12044}}},"68":{"name":"(anonymous_68)","line":1,"loc":{"start":{"line":1,"column":12164},"end":{"line":1,"column":12177}}},"69":{"name":"(anonymous_69)","line":1,"loc":{"start":{"line":1,"column":12294},"end":{"line":1,"column":12309}}},"70":{"name":"(anonymous_70)","line":1,"loc":{"start":{"line":1,"column":12445},"end":{"line":1,"column":12458}}},"71":{"name":"(anonymous_71)","line":1,"loc":{"start":{"line":1,"column":12581},"end":{"line":1,"column":12596}}},"72":{"name":"(anonymous_72)","line":1,"loc":{"start":{"line":1,"column":12738},"end":{"line":1,"column":12753}}}},"statementMap":{"1":{"start":{"line":1,"column":13},"end":{"line":1,"column":87}},"2":{"start":{"line":1,"column":48},"end":{"line":1,"column":86}},"3":{"start":{"line":1,"column":87},"end":{"line":1,"column":195}},"4":{"start":{"line":1,"column":117},"end":{"line":1,"column":194}},"5":{"start":{"line":1,"column":138},"end":{"line":1,"column":194}},"6":{"start":{"line":1,"column":195},"end":{"line":1,"column":250}},"7":{"start":{"line":1,"column":250},"end":{"line":1,"column":12886}},"8":{"start":{"line":1,"column":278},"end":{"line":1,"column":444}},"9":{"start":{"line":1,"column":294},"end":{"line":1,"column":443}},"10":{"start":{"line":1,"column":322},"end":{"line":1,"column":333}},"11":{"start":{"line":1,"column":333},"end":{"line":1,"column":442}},"12":{"start":{"line":1,"column":444},"end":{"line":1,"column":506}},"13":{"start":{"line":1,"column":467},"end":{"line":1,"column":505}},"14":{"start":{"line":1,"column":632},"end":{"line":1,"column":741}},"15":{"start":{"line":1,"column":648},"end":{"line":1,"column":740}},"16":{"start":{"line":1,"column":741},"end":{"line":1,"column":12882}},"17":{"start":{"line":1,"column":797},"end":{"line":1,"column":826}},"18":{"start":{"line":1,"column":826},"end":{"line":1,"column":864}},"19":{"start":{"line":1,"column":912},"end":{"line":1,"column":1092}},"20":{"start":{"line":1,"column":1092},"end":{"line":1,"column":1130}},"21":{"start":{"line":1,"column":1177},"end":{"line":1,"column":1229}},"22":{"start":{"line":1,"column":1229},"end":{"line":1,"column":1267}},"23":{"start":{"line":1,"column":1312},"end":{"line":1,"column":1498}},"24":{"start":{"line":1,"column":1498},"end":{"line":1,"column":1536}},"25":{"start":{"line":1,"column":1580},"end":{"line":1,"column":1635}},"26":{"start":{"line":1,"column":1635},"end":{"line":1,"column":1673}},"27":{"start":{"line":1,"column":1721},"end":{"line":1,"column":1778}},"28":{"start":{"line":1,"column":1778},"end":{"line":1,"column":1816}},"29":{"start":{"line":1,"column":1873},"end":{"line":1,"column":1930}},"30":{"start":{"line":1,"column":1930},"end":{"line":1,"column":1968}},"31":{"start":{"line":1,"column":2017},"end":{"line":1,"column":2101}},"32":{"start":{"line":1,"column":2101},"end":{"line":1,"column":2139}},"33":{"start":{"line":1,"column":2186},"end":{"line":1,"column":2259}},"34":{"start":{"line":1,"column":2259},"end":{"line":1,"column":2297}},"35":{"start":{"line":1,"column":2342},"end":{"line":1,"column":2523}},"36":{"start":{"line":1,"column":2523},"end":{"line":1,"column":2561}},"37":{"start":{"line":1,"column":2612},"end":{"line":1,"column":2827}},"38":{"start":{"line":1,"column":2827},"end":{"line":1,"column":2865}},"39":{"start":{"line":1,"column":2918},"end":{"line":1,"column":3137}},"40":{"start":{"line":1,"column":3137},"end":{"line":1,"column":3175}},"41":{"start":{"line":1,"column":3226},"end":{"line":1,"column":3441}},"42":{"start":{"line":1,"column":3441},"end":{"line":1,"column":3479}},"43":{"start":{"line":1,"column":3530},"end":{"line":1,"column":3745}},"44":{"start":{"line":1,"column":3745},"end":{"line":1,"column":3783}},"45":{"start":{"line":1,"column":3828},"end":{"line":1,"column":3879}},"46":{"start":{"line":1,"column":3879},"end":{"line":1,"column":3917}},"47":{"start":{"line":1,"column":3963},"end":{"line":1,"column":4016}},"48":{"start":{"line":1,"column":4016},"end":{"line":1,"column":4054}},"49":{"start":{"line":1,"column":4099},"end":{"line":1,"column":4168}},"50":{"start":{"line":1,"column":4168},"end":{"line":1,"column":4206}},"51":{"start":{"line":1,"column":4257},"end":{"line":1,"column":4323}},"52":{"start":{"line":1,"column":4323},"end":{"line":1,"column":4361}},"53":{"start":{"line":1,"column":4416},"end":{"line":1,"column":4463}},"54":{"start":{"line":1,"column":4463},"end":{"line":1,"column":4501}},"55":{"start":{"line":1,"column":4549},"end":{"line":1,"column":4587}},"56":{"start":{"line":1,"column":4587},"end":{"line":1,"column":4625}},"57":{"start":{"line":1,"column":4679},"end":{"line":1,"column":4764}},"58":{"start":{"line":1,"column":4764},"end":{"line":1,"column":4802}},"59":{"start":{"line":1,"column":4852},"end":{"line":1,"column":4939}},"60":{"start":{"line":1,"column":4939},"end":{"line":1,"column":4977}},"61":{"start":{"line":1,"column":5021},"end":{"line":1,"column":5171}},"62":{"start":{"line":1,"column":5171},"end":{"line":1,"column":5209}},"63":{"start":{"line":1,"column":5255},"end":{"line":1,"column":5325}},"64":{"start":{"line":1,"column":5325},"end":{"line":1,"column":5363}},"65":{"start":{"line":1,"column":5404},"end":{"line":1,"column":5456}},"66":{"start":{"line":1,"column":5456},"end":{"line":1,"column":5494}},"67":{"start":{"line":1,"column":5538},"end":{"line":1,"column":5606}},"68":{"start":{"line":1,"column":5606},"end":{"line":1,"column":5644}},"69":{"start":{"line":1,"column":5696},"end":{"line":1,"column":5917}},"70":{"start":{"line":1,"column":5917},"end":{"line":1,"column":5955}},"71":{"start":{"line":1,"column":6007},"end":{"line":1,"column":6091}},"72":{"start":{"line":1,"column":6091},"end":{"line":1,"column":6129}},"73":{"start":{"line":1,"column":6178},"end":{"line":1,"column":6264}},"74":{"start":{"line":1,"column":6264},"end":{"line":1,"column":6302}},"75":{"start":{"line":1,"column":6356},"end":{"line":1,"column":6462}},"76":{"start":{"line":1,"column":6462},"end":{"line":1,"column":6500}},"77":{"start":{"line":1,"column":6552},"end":{"line":1,"column":6654}},"78":{"start":{"line":1,"column":6654},"end":{"line":1,"column":6692}},"79":{"start":{"line":1,"column":6736},"end":{"line":1,"column":6916}},"80":{"start":{"line":1,"column":6916},"end":{"line":1,"column":6954}},"81":{"start":{"line":1,"column":6996},"end":{"line":1,"column":7172}},"82":{"start":{"line":1,"column":7172},"end":{"line":1,"column":7210}},"83":{"start":{"line":1,"column":7253},"end":{"line":1,"column":7476}},"84":{"start":{"line":1,"column":7476},"end":{"line":1,"column":7514}},"85":{"start":{"line":1,"column":7558},"end":{"line":1,"column":7609}},"86":{"start":{"line":1,"column":7609},"end":{"line":1,"column":7647}},"87":{"start":{"line":1,"column":7693},"end":{"line":1,"column":7744}},"88":{"start":{"line":1,"column":7744},"end":{"line":1,"column":7782}},"89":{"start":{"line":1,"column":7831},"end":{"line":1,"column":8044}},"90":{"start":{"line":1,"column":8044},"end":{"line":1,"column":8082}},"91":{"start":{"line":1,"column":8127},"end":{"line":1,"column":8205}},"92":{"start":{"line":1,"column":8205},"end":{"line":1,"column":8243}},"93":{"start":{"line":1,"column":8286},"end":{"line":1,"column":8353}},"94":{"start":{"line":1,"column":8353},"end":{"line":1,"column":8391}},"95":{"start":{"line":1,"column":8443},"end":{"line":1,"column":8526}},"96":{"start":{"line":1,"column":8526},"end":{"line":1,"column":8564}},"97":{"start":{"line":1,"column":8612},"end":{"line":1,"column":8697}},"98":{"start":{"line":1,"column":8697},"end":{"line":1,"column":8735}},"99":{"start":{"line":1,"column":8783},"end":{"line":1,"column":8973}},"100":{"start":{"line":1,"column":8973},"end":{"line":1,"column":9011}},"101":{"start":{"line":1,"column":9066},"end":{"line":1,"column":9134}},"102":{"start":{"line":1,"column":9134},"end":{"line":1,"column":9172}},"103":{"start":{"line":1,"column":9226},"end":{"line":1,"column":9290}},"104":{"start":{"line":1,"column":9290},"end":{"line":1,"column":9328}},"105":{"start":{"line":1,"column":9373},"end":{"line":1,"column":9430}},"106":{"start":{"line":1,"column":9430},"end":{"line":1,"column":9468}},"107":{"start":{"line":1,"column":9516},"end":{"line":1,"column":9589}},"108":{"start":{"line":1,"column":9589},"end":{"line":1,"column":9627}},"109":{"start":{"line":1,"column":9684},"end":{"line":1,"column":9773}},"110":{"start":{"line":1,"column":9773},"end":{"line":1,"column":9811}},"111":{"start":{"line":1,"column":9865},"end":{"line":1,"column":10084}},"112":{"start":{"line":1,"column":10084},"end":{"line":1,"column":10122}},"113":{"start":{"line":1,"column":10175},"end":{"line":1,"column":10266}},"114":{"start":{"line":1,"column":10266},"end":{"line":1,"column":10304}},"115":{"start":{"line":1,"column":10345},"end":{"line":1,"column":10399}},"116":{"start":{"line":1,"column":10399},"end":{"line":1,"column":10437}},"117":{"start":{"line":1,"column":10478},"end":{"line":1,"column":10543}},"118":{"start":{"line":1,"column":10543},"end":{"line":1,"column":10581}},"119":{"start":{"line":1,"column":10619},"end":{"line":1,"column":10668}},"120":{"start":{"line":1,"column":10668},"end":{"line":1,"column":10706}},"121":{"start":{"line":1,"column":10747},"end":{"line":1,"column":10921}},"122":{"start":{"line":1,"column":10921},"end":{"line":1,"column":10959}},"123":{"start":{"line":1,"column":11008},"end":{"line":1,"column":11091}},"124":{"start":{"line":1,"column":11091},"end":{"line":1,"column":11129}},"125":{"start":{"line":1,"column":11180},"end":{"line":1,"column":11265}},"126":{"start":{"line":1,"column":11265},"end":{"line":1,"column":11303}},"127":{"start":{"line":1,"column":11351},"end":{"line":1,"column":11515}},"128":{"start":{"line":1,"column":11515},"end":{"line":1,"column":11553}},"129":{"start":{"line":1,"column":11602},"end":{"line":1,"column":11664}},"130":{"start":{"line":1,"column":11664},"end":{"line":1,"column":11702}},"131":{"start":{"line":1,"column":11752},"end":{"line":1,"column":11827}},"132":{"start":{"line":1,"column":11827},"end":{"line":1,"column":11865}},"133":{"start":{"line":1,"column":11903},"end":{"line":1,"column":11963}},"134":{"start":{"line":1,"column":11963},"end":{"line":1,"column":12001}},"135":{"start":{"line":1,"column":12045},"end":{"line":1,"column":12095}},"136":{"start":{"line":1,"column":12095},"end":{"line":1,"column":12133}},"137":{"start":{"line":1,"column":12178},"end":{"line":1,"column":12223}},"138":{"start":{"line":1,"column":12223},"end":{"line":1,"column":12261}},"139":{"start":{"line":1,"column":12310},"end":{"line":1,"column":12373}},"140":{"start":{"line":1,"column":12373},"end":{"line":1,"column":12411}},"141":{"start":{"line":1,"column":12459},"end":{"line":1,"column":12507}},"142":{"start":{"line":1,"column":12507},"end":{"line":1,"column":12545}},"143":{"start":{"line":1,"column":12597},"end":{"line":1,"column":12663}},"144":{"start":{"line":1,"column":12663},"end":{"line":1,"column":12701}},"145":{"start":{"line":1,"column":12754},"end":{"line":1,"column":12838}},"146":{"start":{"line":1,"column":12838},"end":{"line":1,"column":12876}},"147":{"start":{"line":1,"column":12886},"end":{"line":1,"column":12952}}},"branchMap":{"1":{"line":1,"type":"cond-expr","locations":[{"start":{"line":1,"column":71},"end":{"line":1,"column":72}},{"start":{"line":1,"column":73},"end":{"line":1,"column":86}}]},"2":{"line":1,"type":"binary-expr","locations":[{"start":{"line":1,"column":55},"end":{"line":1,"column":56}},{"start":{"line":1,"column":58},"end":{"line":1,"column":70}}]},"3":{"line":1,"type":"if","locations":[{"start":{"line":1,"column":117},"end":{"line":1,"column":117}},{"start":{"line":1,"column":117},"end":{"line":1,"column":117}}]},"4":{"line":1,"type":"binary-expr","locations":[{"start":{"line":1,"column":346},"end":{"line":1,"column":358}},{"start":{"line":1,"column":360},"end":{"line":1,"column":362}}]},"5":{"line":1,"type":"binary-expr","locations":[{"start":{"line":1,"column":381},"end":{"line":1,"column":392}},{"start":{"line":1,"column":395},"end":{"line":1,"column":408}}]},"6":{"line":1,"type":"binary-expr","locations":[{"start":{"line":1,"column":474},"end":{"line":1,"column":475}},{"start":{"line":1,"column":477},"end":{"line":1,"column":493}}]},"7":{"line":1,"type":"binary-expr","locations":[{"start":{"line":1,"column":494},"end":{"line":1,"column":495}},{"start":{"line":1,"column":497},"end":{"line":1,"column":503}}]},"8":{"line":1,"type":"cond-expr","locations":[{"start":{"line":1,"column":969},"end":{"line":1,"column":983}},{"start":{"line":1,"column":984},"end":{"line":1,"column":986}}]},"9":{"line":1,"type":"binary-expr","locations":[{"start":{"line":1,"column":969},"end":{"line":1,"column":979}},{"start":{"line":1,"column":981},"end":{"line":1,"column":983}}]},"10":{"line":1,"type":"cond-expr","locations":[{"start":{"line":1,"column":998},"end":{"line":1,"column":1023}},{"start":{"line":1,"column":1024},"end":{"line":1,"column":1037}}]},"11":{"line":1,"type":"binary-expr","locations":[{"start":{"line":1,"column":998},"end":{"line":1,"column":1008}},{"start":{"line":1,"column":1010},"end":{"line":1,"column":1023}}]},"12":{"line":1,"type":"cond-expr","locations":[{"start":{"line":1,"column":1045},"end":{"line":1,"column":1054}},{"start":{"line":1,"column":1055},"end":{"line":1,"column":1056}}]},"13":{"line":1,"type":"binary-expr","locations":[{"start":{"line":1,"column":1045},"end":{"line":1,"column":1051}},{"start":{"line":1,"column":1053},"end":{"line":1,"column":1054}}]},"14":{"line":1,"type":"cond-expr","locations":[{"start":{"line":1,"column":1071},"end":{"line":1,"column":1087}},{"start":{"line":1,"column":1088},"end":{"line":1,"column":1090}}]},"15":{"line":1,"type":"binary-expr","locations":[{"start":{"line":1,"column":1071},"end":{"line":1,"column":1083}},{"start":{"line":1,"column":1085},"end":{"line":1,"column":1087}}]},"16":{"line":1,"type":"cond-expr","locations":[{"start":{"line":1,"column":1375},"end":{"line":1,"column":1389}},{"start":{"line":1,"column":1390},"end":{"line":1,"column":1392}}]},"17":{"line":1,"type":"binary-expr","locations":[{"start":{"line":1,"column":1375},"end":{"line":1,"column":1385}},{"start":{"line":1,"column":1387},"end":{"line":1,"column":1389}}]},"18":{"line":1,"type":"cond-expr","locations":[{"start":{"line":1,"column":1404},"end":{"line":1,"column":1429}},{"start":{"line":1,"column":1430},"end":{"line":1,"column":1443}}]},"19":{"line":1,"type":"binary-expr","locations":[{"start":{"line":1,"column":1404},"end":{"line":1,"column":1414}},{"start":{"line":1,"column":1416},"end":{"line":1,"column":1429}}]},"20":{"line":1,"type":"cond-expr","locations":[{"start":{"line":1,"column":1451},"end":{"line":1,"column":1460}},{"start":{"line":1,"column":1461},"end":{"line":1,"column":1462}}]},"21":{"line":1,"type":"binary-expr","locations":[{"start":{"line":1,"column":1451},"end":{"line":1,"column":1457}},{"start":{"line":1,"column":1459},"end":{"line":1,"column":1460}}]},"22":{"line":1,"type":"cond-expr","locations":[{"start":{"line":1,"column":1477},"end":{"line":1,"column":1493}},{"start":{"line":1,"column":1494},"end":{"line":1,"column":1496}}]},"23":{"line":1,"type":"binary-expr","locations":[{"start":{"line":1,"column":1477},"end":{"line":1,"column":1489}},{"start":{"line":1,"column":1491},"end":{"line":1,"column":1493}}]},"24":{"line":1,"type":"binary-expr","locations":[{"start":{"line":1,"column":2399},"end":{"line":1,"column":2409}},{"start":{"line":1,"column":2411},"end":{"line":1,"column":2417}}]},"25":{"line":1,"type":"cond-expr","locations":[{"start":{"line":1,"column":2429},"end":{"line":1,"column":2454}},{"start":{"line":1,"column":2455},"end":{"line":1,"column":2468}}]},"26":{"line":1,"type":"binary-expr","locations":[{"start":{"line":1,"column":2429},"end":{"line":1,"column":2439}},{"start":{"line":1,"column":2441},"end":{"line":1,"column":2454}}]},"27":{"line":1,"type":"cond-expr","locations":[{"start":{"line":1,"column":2476},"end":{"line":1,"column":2485}},{"start":{"line":1,"column":2486},"end":{"line":1,"column":2487}}]},"28":{"line":1,"type":"binary-expr","locations":[{"start":{"line":1,"column":2476},"end":{"line":1,"column":2482}},{"start":{"line":1,"column":2484},"end":{"line":1,"column":2485}}]},"29":{"line":1,"type":"cond-expr","locations":[{"start":{"line":1,"column":2502},"end":{"line":1,"column":2518}},{"start":{"line":1,"column":2519},"end":{"line":1,"column":2521}}]},"30":{"line":1,"type":"binary-expr","locations":[{"start":{"line":1,"column":2502},"end":{"line":1,"column":2514}},{"start":{"line":1,"column":2516},"end":{"line":1,"column":2518}}]},"31":{"line":1,"type":"cond-expr","locations":[{"start":{"line":1,"column":2704},"end":{"line":1,"column":2718}},{"start":{"line":1,"column":2719},"end":{"line":1,"column":2721}}]},"32":{"line":1,"type":"binary-expr","locations":[{"start":{"line":1,"column":2704},"end":{"line":1,"column":2714}},{"start":{"line":1,"column":2716},"end":{"line":1,"column":2718}}]},"33":{"line":1,"type":"cond-expr","locations":[{"start":{"line":1,"column":2733},"end":{"line":1,"column":2758}},{"start":{"line":1,"column":2759},"end":{"line":1,"column":2772}}]},"34":{"line":1,"type":"binary-expr","locations":[{"start":{"line":1,"column":2733},"end":{"line":1,"column":2743}},{"start":{"line":1,"column":2745},"end":{"line":1,"column":2758}}]},"35":{"line":1,"type":"cond-expr","locations":[{"start":{"line":1,"column":2780},"end":{"line":1,"column":2789}},{"start":{"line":1,"column":2790},"end":{"line":1,"column":2791}}]},"36":{"line":1,"type":"binary-expr","locations":[{"start":{"line":1,"column":2780},"end":{"line":1,"column":2786}},{"start":{"line":1,"column":2788},"end":{"line":1,"column":2789}}]},"37":{"line":1,"type":"cond-expr","locations":[{"start":{"line":1,"column":2806},"end":{"line":1,"column":2822}},{"start":{"line":1,"column":2823},"end":{"line":1,"column":2825}}]},"38":{"line":1,"type":"binary-expr","locations":[{"start":{"line":1,"column":2806},"end":{"line":1,"column":2818}},{"start":{"line":1,"column":2820},"end":{"line":1,"column":2822}}]},"39":{"line":1,"type":"cond-expr","locations":[{"start":{"line":1,"column":3014},"end":{"line":1,"column":3028}},{"start":{"line":1,"column":3029},"end":{"line":1,"column":3031}}]},"40":{"line":1,"type":"binary-expr","locations":[{"start":{"line":1,"column":3014},"end":{"line":1,"column":3024}},{"start":{"line":1,"column":3026},"end":{"line":1,"column":3028}}]},"41":{"line":1,"type":"cond-expr","locations":[{"start":{"line":1,"column":3043},"end":{"line":1,"column":3068}},{"start":{"line":1,"column":3069},"end":{"line":1,"column":3082}}]},"42":{"line":1,"type":"binary-expr","locations":[{"start":{"line":1,"column":3043},"end":{"line":1,"column":3053}},{"start":{"line":1,"column":3055},"end":{"line":1,"column":3068}}]},"43":{"line":1,"type":"cond-expr","locations":[{"start":{"line":1,"column":3090},"end":{"line":1,"column":3099}},{"start":{"line":1,"column":3100},"end":{"line":1,"column":3101}}]},"44":{"line":1,"type":"binary-expr","locations":[{"start":{"line":1,"column":3090},"end":{"line":1,"column":3096}},{"start":{"line":1,"column":3098},"end":{"line":1,"column":3099}}]},"45":{"line":1,"
[...]
equestHelper.request(n,t)}},{key:\"domainsDelete\",value:function(e,t){var n={actionPath:\"domains/\"+encodeURIComponent(e),method:\"DELETE\"};return this.requestHelper.request(n,t)}},{key:\"domainRecordsGetAll\",value:function(e,t,n){var a={actionPath:\"domains/\"+encodeURIComponent(e)+\"/records\",key:\"domain_records\",qs:{tag_name:t?t.tag_name||\"\":\"\",per_page:t?t.per_page||this.per_page:this.per_page,page:t?t.page||1:1},includeAll:t?t.includeAll||!1:!1};return this.requestHelper.request(a,n)}},{key:\"domainRecordsCreate\",value:function(e,t,n){var a={actionPath:\"domains/\"+encodeURIComponent(e)+\"/records\",method:\"POST\",body:t};return this.requestHelper.request(a,n)}},{key:\"domainRecordsGet\",value:function(e,t,n){var a={actionPath:\"domains/\"+encodeURIComponent(e)+\"/records/\"+encodeURIComponent(t)};return this.requestHelper.request(a,n)}},{key:\"domainRecordsUpdate\",value:function(e,t,n,a){var r={actionPath:\"domains/\"+encodeURIComponent(e)+\"/records/\"+encodeURIComponent(t),method:\"PUT\",body:n};return this.requestHelper.request(r,a)}},{key:\"domainRecordsDelete\",value:function(e,t,n){var a={actionPath:\"domains/\"+encodeURIComponent(e)+\"/records/\"+encodeURIComponent(t),method:\"DELETE\"};return this.requestHelper.request(a,n)}},{key:\"regionsGetAll\",value:function(e,t){var n={actionPath:\"regions\",key:\"regions\",qs:{tag_name:e?e.tag_name||\"\":\"\",per_page:e?e.per_page||this.per_page:this.per_page,page:e?e.page||1:1},includeAll:e?e.includeAll||!1:!1};return this.requestHelper.request(n,t)}},{key:\"sizesGetAll\",value:function(e,t){var n={actionPath:\"sizes\",key:\"sizes\",qs:{tag_name:e?e.tag_name||\"\":\"\",per_page:e?e.per_page||this.per_page:this.per_page,page:e?e.page||1:1},includeAll:e?e.includeAll||!1:!1};return this.requestHelper.request(n,t)}},{key:\"imagesGetAll\",value:function(e,t){var n={actionPath:\"images\",key:\"images\",qs:{tag_name:e?e.tag_name||\"\":\"\",per_page:e?e.per_page||this.per_page:this.per_page,page:e?e.page||1:1,\"private\":e[\"private\"]||!1,type:e.type||null},includeAll:e?e.includeAll||!1:!1};return this.requestHelper.request(n,t)}},{key:\"imagesGetById\",value:function(e,t){var n={actionPath:\"images/\"+encodeURIComponent(e)};return this.requestHelper.request(n,t)}},{key:\"imagesGetBySlug\",value:function(e,t){var n={actionPath:\"images/\"+encodeURIComponent(e)};return this.requestHelper.request(n,t)}},{key:\"imagesGetActions\",value:function(e,t,n){var a={actionPath:\"images/\"+encodeURIComponent(e)+\"/actions\",key:\"actions\",qs:{tag_name:t?t.tag_name||\"\":\"\",per_page:t?t.per_page||this.per_page:this.per_page,page:t?t.page||1:1},includeAll:t?t.includeAll||!1:!1};return this.requestHelper.request(a,n)}},{key:\"imagesUpdate\",value:function(e,t,n){var a={actionPath:\"images/\"+encodeURIComponent(e),body:{name:t},method:\"PUT\"};return this.requestHelper.request(a,n)}},{key:\"imagesDelete\",value:function(e,t){var n={actionPath:\"images/\"+encodeURIComponent(e),method:\"DELETE\"};return this.requestHelper.request(n,t)}},{key:\"imagesRequestAction\",value:function(e,t,n){var a={actionPath:\"images/\"+encodeURIComponent(e)+\"/actions\",method:\"POST\",body:t};return this.requestHelper.request(a,n)}},{key:\"imagesGetAction\",value:function(e,t,n){var a={actionPath:\"images/\"+encodeURIComponent(e)+\"/actions/\"+encodeURIComponent(t)};return this.requestHelper.request(a,n)}},{key:\"floatingIpsGetAll\",value:function(e,t){var n={actionPath:\"floating_ips\",key:\"floating_ips\",qs:{tag_name:e?e.tag_name||\"\":\"\",per_page:e?e.per_page||this.per_page:this.per_page,page:e?e.page||1:1},includeAll:e?e.includeAll||!1:!1};return this.requestHelper.request(n,t)}},{key:\"floatingIpsAssignDroplet\",value:function(e,t){var n={actionPath:\"floating_ips\",method:\"POST\",body:{droplet_id:e}};return this.requestHelper.request(n,t)}},{key:\"floatingIpsAssignRegion\",value:function(e,t){var n={actionPath:\"floating_ips\",method:\"POST\",body:{region:e}};return this.requestHelper.request(n,t)}},{key:\"floatingIpsGet\",value:function(e,t){var n={actionPath:\"floating_ips/\"+encodeURIComponent(e)};return this.requestHelper.request(n,t)}},{key:\"floatingIpsDelete\",value:function(e,t){var n={actionPath:\"floating_ips/\"+encodeURIComponent(e),method:\"DELETE\"};return this.requestHelper.request(n,t)}},{key:\"floatingIpsRequestAction\",value:function(e,t,n){var a={actionPath:\"floating_ips/\"+encodeURIComponent(e)+\"/actions\",method:\"POST\",body:t};return this.requestHelper.request(a,n)}},{key:\"floatingIpsGetActions\",value:function(e,t,n){var a={actionPath:\"floating_ips/\"+encodeURIComponent(e)+\"/actions\",key:\"actions\",qs:{tag_name:t?t.tag_name||\"\":\"\",per_page:t?t.per_page||this.per_page:this.per_page,page:t?t.page||1:1},includeAll:t?t.includeAll||!1:!1};return this.requestHelper.request(a,n)}},{key:\"floatingIpsGetAction\",value:function(e,t,n){var a={actionPath:\"floating_ips/\"+encodeURIComponent(e)+\"/actions/\"+encodeURIComponent(t)};return this.requestHelper.request(a,n)}},{key:\"tagsCreate\",value:function(e,t){var n={actionPath:\"tags\",method:\"POST\",body:{name:e}};return this.requestHelper.request(n,t)}},{key:\"tagsDelete\",value:function(e,t){var n={actionPath:\"tags/\"+encodeURIComponent(e),method:\"DELETE\"};return this.requestHelper.request(n,t)}},{key:\"tagsGet\",value:function(e,t){var n={actionPath:\"tags/\"+encodeURIComponent(e)};return this.requestHelper.request(n,t)}},{key:\"tagsGetAll\",value:function(e,t){var n={actionPath:\"tags\",key:\"tags\",qs:{tag_name:e?e.tag_name||\"\":\"\",per_page:e?e.per_page||this.per_page:this.per_page,page:e?e.page||1:1},includeAll:e?e.includeAll||!1:!1};return this.requestHelper.request(n,t)}},{key:\"tagsAddResources\",value:function(e,t,n){var a={actionPath:\"tags/\"+encodeURIComponent(e)+\"/resources\",method:\"POST\",body:t};return this.requestHelper.request(a,n)}},{key:\"tagsDeleteResource\",value:function(e,t,n){var a={actionPath:\"tags/\"+encodeURIComponent(e)+\"/resources\",method:\"DELETE\",body:t};return this.requestHelper.request(a,n)}},{key:\"tagsGetDroplets\",value:function(e,t,n){var a={actionPath:\"droplets\",key:\"droplets\",qs:{per_page:t?t.per_page||this.per_page:this.per_page,page:t?t.page||1:1,tag_name:e},includeAll:t?t.includeAll||!1:!1};return this.requestHelper.request(a,n)}},{key:\"tagsDeleteDroplets\",value:function(e,t){var n={actionPath:\"droplets\",method:\"DELETE\",qs:{tag_name:e}};return this.requestHelper.request(n,t)}},{key:\"tagsRequestAction\",value:function(e,t,n){var a={actionPath:\"droplets/actions\",method:\"POST\",qs:{tag_name:e},body:t};return this.requestHelper.request(a,n)}},{key:\"volumes\",value:function(e,t){var n={actionPath:\"volumes\",method:\"GET\",qs:{region:e||\"\"}};return this.requestHelper.request(n,t)}},{key:\"volumesCreate\",value:function(e,t){var n={actionPath:\"volumes\",method:\"POST\",body:e};return this.requestHelper.request(n,t)}},{key:\"volumesGetById\",value:function(e,t){var n={actionPath:\"volumes/\"+e,method:\"GET\"};return this.requestHelper.request(n,t)}},{key:\"volumesGetByName\",value:function(e,t,n){var a={actionPath:\"volumes\",method:\"GET\",qs:{name:e,region:t}};return this.requestHelper.request(a,n)}},{key:\"volumesDeleteById\",value:function(e,t){var n={actionPath:\"volumes/\"+e,method:\"DELETE\"};return this.requestHelper.request(n,t)}},{key:\"volumesDeleteByName\",value:function(e,t,n){var a={actionPath:\"volumes\",method:\"DELETE\",qs:{name:e,region:t}};return this.requestHelper.request(a,n)}},{key:\"volumesRequestAction\",value:function(e,t,n){var a={actionPath:\"volumes/\"+encodeURIComponent(e)+\"/actions\",method:\"POST\",body:t};return this.requestHelper.request(a,n)}}]),e}();exports[\"default\"]=DigitalOcean,module.exports=exports[\"default\"];"],"l":{"1":65}},"/home/travis/build/npmtest/node-npmtest-do-wrapper/node_modules/do-wrapper/dist/request-helper.js":{"path":"/home/travis/build/npmtest/node-npmtest-do-wrapper/node_modules/do-wrapper/dist/request-helper.js","s":{"1":1,"2":1,"3":1,"4":0,"5":0,"6":1,"7":1,"8":1,"9":1,"10":6,"11":6,"12":1,"13":1,"14":1,"15":0,"16":1,"17":0,"18":0,"19":0,"20":0,"21":0,"22":0,"23":0,"24":0,"25":0,"26":0,"27":0,"28":0,"29":0,"30":0,"31":0,"32":0,"33":1},"b":{"1":[0,1],"2":[1,1],"3":[0,0],"4":[6,6],"5":[6,6],"6":[1,1],"7":[1,0],"8":[0,0],"9":[0,0],"10":[0,0],"11":[0,0],"12":[0,0],"13":[0,0],"14":[0,0],"15":[0,0],"16":[0,0],"17":[0,0],"18":[0,0],"19":[0,0],"20":[0,0],"21":[0,0],"22":[0,0]},"f":{"1":1,"2":0,"3":1,"4":1,"5":1,"6":1,"7":0,"8":0,"9":0,"10":0,"11":0,"12":0,"13":0,"14":0,"15":0,"16":0,"17":0,"18":0},"fnMap":{"1":{"name":"_interopRequireDefault","line":1,"loc":{"start":{"line":1,"column":13},"end":{"line":1,"column":47}}},"2":{"name":"_classCallCheck","line":1,"loc":{"start":{"line":1,"column":87},"end":{"line":1,"column":116}}},"3":{"name":"(anonymous_3)","line":1,"loc":{"start":{"line":1,"column":267},"end":{"line":1,"column":277}}},"4":{"name":"e","line":1,"loc":{"start":{"line":1,"column":278},"end":{"line":1,"column":293}}},"5":{"name":"(anonymous_5)","line":1,"loc":{"start":{"line":1,"column":451},"end":{"line":1,"column":466}}},"6":{"name":"(anonymous_6)","line":1,"loc":{"start":{"line":1,"column":595},"end":{"line":1,"column":605}}},"7":{"name":"e","line":1,"loc":{"start":{"line":1,"column":606},"end":{"line":1,"column":619}}},"8":{"name":"(anonymous_8)","line":1,"loc":{"start":{"line":1,"column":808},"end":{"line":1,"column":821}}},"9":{"name":"(anonymous_9)","line":1,"loc":{"start":{"line":1,"column":860},"end":{"line":1,"column":873}}},"10":{"name":"(anonymous_10)","line":1,"loc":{"start":{"line":1,"column":876},"end":{"line":1,"column":891}}},"11":{"name":"(anonymous_11)","line":1,"loc":{"start":{"line":1,"column":1022},"end":{"line":1,"column":1035}}},"12":{"name":"(anonymous_12)","line":1,"loc":{"start":{"line":1,"column":1099},"end":{"line":1,"column":1114}}},"13":{"name":"(anonymous_13)","line":1,"loc":{"start":{"line":1,"column":1215},"end":{"line":1,"column":1226}}},"14":{"name":"(anonymous_14)","line":1,"loc":{"start":{"line":1,"column":1295},"end":{"line":1,"column":1310}}},"15":{"name":"(anonymous_15)","line":1,"loc":{"start":{"line":1,"column":1372},"end":{"line":1,"column":1387}}},"16":{"name":"(anonymous_16)","line":1,"loc":{"start":{"line":1,"column":1514},"end":{"line":1,"column":1529}}},"17":{"name":"(anonymous_17)","line":1,"loc":{"start":{"line":1,"column":1615},"end":{"line":1,"column":1632}}},"18":{"name":"(anonymous_18)","line":1,"loc":{"start":{"line":1,"column":1720},"end":{"line":1,"column":1731}}}},"statementMap":{"1":{"start":{"line":1,"column":13},"end":{"line":1,"column":87}},"2":{"start":{"line":1,"column":48},"end":{"line":1,"column":86}},"3":{"start":{"line":1,"column":87},"end":{"line":1,"column":195}},"4":{"start":{"line":1,"column":117},"end":{"line":1,"column":194}},"5":{"start":{"line":1,"column":138},"end":{"line":1,"column":194}},"6":{"start":{"line":1,"column":195},"end":{"line":1,"column":250}},"7":{"start":{"line":1,"column":250},"end":{"line":1,"column":1882}},"8":{"start":{"line":1,"column":278},"end":{"line":1,"column":444}},"9":{"start":{"line":1,"column":294},"end":{"line":1,"column":443}},"10":{"start":{"line":1,"column":322},"end":{"line":1,"column":333}},"11":{"start":{"line":1,"column":333},"end":{"line":1,"column":442}},"12":{"start":{"line":1,"column":444},"end":{"line":1,"column":506}},"13":{"start":{"line":1,"column":467},"end":{"line":1,"column":505}},"14":{"start":{"line":1,"column":606},"end":{"line":1,"column":764}},"15":{"start":{"line":1,"column":620},"end":{"line":1,"column":763}},"16":{"start":{"line":1,"column":764},"end":{"line":1,"column":1878}},"17":{"start":{"line":1,"column":822},"end":{"line":1,"column":835}},"18":{"start":{"line":1,"column":835},"end":{"line":1,"column":992}},"19":{"start":{"line":1,"column":874},"end":{"line":1,"column":922}},"20":{"start":{"line":1,"column":892},"end":{"line":1,"column":921}},"21":{"start":{"line":1,"column":1036},"end":{"line":1,"column":1072}},"22":{"start":{"line":1,"column":1072},"end":{"line":1,"column":1179}},"23":{"start":{"line":1,"column":1115},"end":{"line":1,"column":1177}},"24":{"start":{"line":1,"column":1227},"end":{"line":1,"column":1251}},"25":{"start":{"line":1,"column":1251},"end":{"line":1,"column":1267}},"26":{"start":{"line":1,"column":1311},"end":{"line":1,"column":1339}},"27":{"start":{"line":1,"column":1339},"end":{"line":1,"column":1581}},"28":{"start":{"line":1,"column":1388},"end":{"line":1,"column":1579}},"29":{"start":{"line":1,"column":1530},"end":{"line":1,"column":1577}},"30":{"start":{"line":1,"column":1633},"end":{"line":1,"column":1689}},"31":{"start":{"line":1,"column":1654},"end":{"line":1,"column":1689}},"32":{"start":{"line":1,"column":1732},"end":{"line":1,"column":1872}},"33":{"start":{"line":1,"column":1882},"end":{"line":1,"column":1949}}},"branchMap":{"1":{"line":1,"type":"cond-expr","locations":[{"start":{"line":1,"column":71},"end":{"line":1,"column":72}},{"start":{"line":1,"column":73},"end":{"line":1,"column":86}}]},"2":{"line":1,"type":"binary-expr","locations":[{"start":{"line":1,"column":55},"end":{"line":1,"column":56}},{"start":{"line":1,"column":58},"end":{"line":1,"column":70}}]},"3":{"line":1,"type":"if","locations":[{"start":{"line":1,"column":117},"end":{"line":1,"column":117}},{"start":{"line":1,"column":117},"end":{"line":1,"column":117}}]},"4":{"line":1,"type":"binary-expr","locations":[{"start":{"line":1,"column":346},"end":{"line":1,"column":358}},{"start":{"line":1,"column":360},"end":{"line":1,"column":362}}]},"5":{"line":1,"type":"binary-expr","locations":[{"start":{"line":1,"column":381},"end":{"line":1,"column":392}},{"start":{"line":1,"column":395},"end":{"line":1,"column":408}}]},"6":{"line":1,"type":"binary-expr","locations":[{"start":{"line":1,"column":474},"end":{"line":1,"column":475}},{"start":{"line":1,"column":477},"end":{"line":1,"column":493}}]},"7":{"line":1,"type":"binary-expr","locations":[{"start":{"line":1,"column":494},"end":{"line":1,"column":495}},{"start":{"line":1,"column":497},"end":{"line":1,"column":503}}]},"8":{"line":1,"type":"binary-expr","locations":[{"start":{"line":1,"column":842},"end":{"line":1,"column":843}},{"start":{"line":1,"column":846},"end":{"line":1,"column":924}}]},"9":{"line":1,"type":"cond-expr","locations":[{"start":{"line":1,"column":894},"end":{"line":1,"column":898}},{"start":{"line":1,"column":899},"end":{"line":1,"column":921}}]},"10":{"line":1,"type":"cond-expr","locations":[{"start":{"line":1,"column":939},"end":{"line":1,"column":966}},{"start":{"line":1,"column":967},"end":{"line":1,"column":990}}]},"11":{"line":1,"type":"cond-expr","locations":[{"start":{"line":1,"column":1117},"end":{"line":1,"column":1121}},{"start":{"line":1,"column":1122},"end":{"line":1,"column":1177}}]},"12":{"line":1,"type":"cond-expr","locations":[{"start":{"line":1,"column":1161},"end":{"line":1,"column":1172}},{"start":{"line":1,"column":1173},"end":{"line":1,"column":1177}}]},"13":{"line":1,"type":"binary-expr","locations":[{"start":{"line":1,"column":1122},"end":{"line":1,"column":1123}},{"start":{"line":1,"column":1125},"end":{"line":1,"column":1160}}]},"14":{"line":1,"type":"binary-expr","locations":[{"start":{"line":1,"column":1395},"end":{"line":1,"column":1396}},{"start":{"line":1,"column":1398},"end":{"line":1,"column":1402}}]},"15":{"line":1,"type":"binary-expr","locations":[{"start":{"line":1,"column":1440},"end":{"line":1,"column":1453}},{"start":{"line":1,"column":1455},"end":{"line":1,"column":1457}}]},"16":{"line":1,"type":"cond-expr","locations":[{"start":{"line":1,"column":1471},"end":{"line":1,"column":1482}},{"start":{"line":1,"column":1483},"end":{"line":1,"column":1579}}]},"17":{"line":1,"type":"binary-expr","locations":[{"start":{"line":1,"column":1530},"end":{"line":1,"column":1531}},{"start":{"line":1,"column":1533},"end":{"line":1,"column":1537}}]},"18":{"line":1,"type":"binary-expr","locations":[{"start":{"line":1,"column":1559},"end":{"line":1,"column":1564}},{"start":{"line":1,"column":1566},"end":{"line":1,"column":1577}}]},"19":{"line":1,"type":"binary-expr","locations":[{"start":{"line":1,"column":1775},"end":{"line":1,"column":1783}},{"start":{"line":1,"column":1785},"end":{"line":1,"column":1790}}]},"20":{"line":1,"type":"binary-expr","locations":[{"start":{"line":1,"column":1799},"end":{"line":1,"column":1808}},{"start":{"line":1,"column":1810},"end":{"line":1,"column":1822}}]},"21":{"line":1,"type":"binary-expr","locations":[{"start":{"line":1,"column":1828},"end":{"line":1,"column":1834}},{"start":{"line":1,"column":1836},"end":{"line":1,"column":1838}}]},"22":{"line":1,"type":"binary-expr","locations":[{"start":{"line":1,"column":1863},"end":{"line":1,"column":1867}},{"start":{"line":1,"column":1869},"end":{"line":1,"column":1871}}]}},"code":["\"use strict\";function _interopRequireDefault(e){return e&&e.__esModule?e:{\"default\":e}}function _classCallCheck(e,t){if(!(e instanceof t))throw new TypeError(\"Cannot call a class as a function\")}Object.defineProperty(exports,\"__esModule\",{value:!0});var _createClass=function(){function e(e,t){for(var u=0;u<t.length;u++){var n=t[u];n.enumerable=n.enumerable||!1,n.configurable=!0,\"value\"in n&&(n.writable=!0),Object.defineProperty(e,n.key,n)}}return function(t,u,n){return u&&e(t.prototype,u),n&&e(t,n),t}}(),_request=require(\"request\"),_request2=_interopRequireDefault(_request),RequestHelper=function(){function e(t){_classCallCheck(this,e),this.headers={authorization:\"Bearer \"+t,content_type:\"application/json\"},this.apiUrl=\"https://api.digitalocean.com/v2/\"}return _createClass(e,[{key:\"request\",value:function(e,t){var u=void 0;return t||(u=new Promise(function(e,u){t=function(t,n,s){t?u(t):e({response:n,body:s})}})),e.includeAll?this.getAllPages(e.key,e,t):this.submitRequest(e,t),u}},{key:\"submitRequest\",value:function(e,t){var u=this,n=this.requestBuilder(e);(0,_request2[\"default\"])(n,function(e,n,s){e?t(e):e||u.isSuccessfulRequest(n.statusCode)?t(null,n,s):t(s)})}},{key:\"isSuccessfulRequest\",value:function(e){var t=/^[2][0-9][0-9]$/;return t.test(e)}},{key:\"getAllPages\",value:function(e,t,u){var n=this,s=[],r=0,i=0,a=1;t.qs.page=1,this.submitRequest(t,function(o,l,c){return o&&u(o),r=c.meta.total,s=s.concat(c[e]),i=r/(t.qs.per_page||25),s.length>=r?u(null,l,s):void n.getRemainingPages(t,2,i,function(t,n,r){t&&u(t),a++,s=s.concat(r[e]),a===i&&u(null,n,s)})})}},{key:\"getRemainingPages\",value:function(e,t,u,n){for(var s=t;u>=s;s++)e.qs.page=s,this.submitRequest(e,n)}},{key:\"requestBuilder\",value:function(e){return{uri:this.apiUrl+e.actionPath,method:e.method||\"GET\",headers:e.headers||this.headers,body:e.body||{},strictSSL:!0,json:!0,qs:e.qs||{}}}}]),e}();exports[\"default\"]=RequestHelper,module.exports=exports[\"default\"];"],"l":{"1":6}},"/home/travis/build/npmtest/node-npmtest-do-wrapper/node_modules/do-wrapper/gulpfile.js":{"path":"/home/travis/build/npmtest/node-npmtest-do-wrapper/node_modules/do-wrapper/gulpfile.js","s":{"1":2,"2":0,"3":0,"4":0},"b":{},"f":{"1":0},"fnMap":{"1":{"name":"(anonymous_1)","line":9,"loc":{"start":{"line":9,"column":21},"end":{"line":9,"column":33}}}},"statementMap":{"1":{"start":{"line":1,"column":0},"end":{"line":5,"column":32}},"2":{"start":{"line":7,"column":0},"end":{"line":7,"column":34}},"3":{"start":{"line":9,"column":0},"end":{"line":14,"column":3}},"4":{"start":{"line":10,"column":2},"end":{"line":13,"column":43}}},"branchMap":{},"code":["var gulp              = require('gulp'),","    babel             = require('gulp-babel'),","    uglify            = require('gulp-uglify'),","    SOURCE_DIRECTORY  = 'src/**/*.js',","    DEST_DIRECTORY    = 'dist/';","","gulp.task('default', ['compile']);","","gulp.task('compile', function () {","  return gulp.src(SOURCE_DIRECTORY)","          .pipe(babel({experimental: true}))","          .pipe(uglify())","          .pipe(gulp.dest(DEST_DIRECTORY));","});",""],"l":{"1":2,"7":0,"9":0,"10":0}}}